@I [HLS-0] Workspace /home/ee/s/sf306/HeterogeneousHeartbeats/hardware/hhb_ip_repository/hhb_query/hhb_query/hhb_query/hhb_query opened at Wed Apr 16 11:58:30 BST 2014
@I [HLS-100] Command 'open_solution' returned 0; elapsed 0Total elapsed time: 0.739 sec.
@I [HLS-100] Command "set_part xc7z020clg484-1 "
@I [HLS-100] Command "add_library xilinx/zynq/zynq:xc7z020:clg484:-1 "
@I [HLS-100] Command "get_default_platform "
@I [HLS-100] Command 'get_default_platform' returned 0; elapsed 0Total elapsed time: 0.743 sec.
@I [HLS-100] Command "license_exists VIVADO_HLS "
@I [HLS-100] Command 'license_exists' returned 1; elapsed 0Total elapsed time: 0.743 sec.
@I [HLS-100] Command "license_exists AUTOESL_NI "
@I [HLS-100] Command 'license_exists' returned 1; elapsed 0Total elapsed time: 0.743 sec.
@I [HLS-100] Command "license_exists HLS "
@I [HLS-100] Command 'license_exists' returned 0; elapsed 0Total elapsed time: 0.743 sec.
@I [HLS-100] Command "open_platform DefaultPlatform "
@I [HLS-100] Command 'open_platform' returned 0; elapsed 0Total elapsed time: 0.744 sec.
@I [HLS-100] Command "import_lib /mnt/cas_nfs/applications/Xilinx/Vivado_HLS/2013.4/common/technology/xilinx/zynq/zynq "
@I [HLS-100] Command "source /mnt/cas_nfs/applications/Xilinx/Vivado_HLS/2013.4/common/technology/xilinx/common/xilinx.lib "
@I [HLS-100] Command "source /mnt/cas_nfs/applications/Xilinx/Vivado_HLS/2013.4/common/technology/xilinx/interface/xilinx_interface.lib "
@I [HLS-100] Command "source /mnt/cas_nfs/applications/Xilinx/Vivado_HLS/2013.4/common/technology/xilinx/interface/plb46.lib "
@I [HLS-100] Command 'ap_source' returned 0; elapsed 0Total elapsed time: 0.749 sec.
@I [HLS-100] Command "source /mnt/cas_nfs/applications/Xilinx/Vivado_HLS/2013.4/common/technology/xilinx/interface/fsl.lib "
@I [HLS-100] Command 'ap_source' returned 0; elapsed 0Total elapsed time: 0.750 sec.
@I [HLS-100] Command "source /mnt/cas_nfs/applications/Xilinx/Vivado_HLS/2013.4/common/technology/xilinx/interface/axi4.lib "
@I [HLS-100] Command 'ap_source' returned 0; elapsed 0Total elapsed time: 0.751 sec.
@I [HLS-100] Command 'ap_source' returned 0; elapsed 0Total elapsed time: 0.751 sec.
@I [HLS-100] Command "source /mnt/cas_nfs/applications/Xilinx/Vivado_HLS/2013.4/common/technology/xilinx/common/dsp48.lib "
@I [HLS-100] Command 'ap_source' returned 0; elapsed 0Total elapsed time: 0.752 sec.
@I [HLS-100] Command "source /mnt/cas_nfs/applications/Xilinx/Vivado_HLS/2013.4/common/technology/xilinx/ip/xfft.lib "
@I [HLS-100] Command 'ap_source' returned 0; elapsed 0Total elapsed time: 0.754 sec.
@I [HLS-100] Command "source /mnt/cas_nfs/applications/Xilinx/Vivado_HLS/2013.4/common/technology/xilinx/ip/xfir.lib "
@I [HLS-100] Command 'ap_source' returned 0; elapsed 0Total elapsed time: 0.755 sec.
@I [HLS-100] Command 'ap_source' returned 0; elapsed 0Total elapsed time: 0.758 sec.
@I [HLS-100] Command "source /mnt/cas_nfs/applications/Xilinx/Vivado_HLS/2013.4/common/technology/xilinx/common/xilinx_old.lib "
@I [HLS-100] Command 'ap_source' returned 0; elapsed 0.01Total elapsed time: 0.762 sec.
@I [HLS-100] Command "source /mnt/cas_nfs/applications/Xilinx/Vivado_HLS/2013.4/common/technology/xilinx/common/xilinx_vivado.lib "
@I [HLS-100] Command 'ap_source' returned 0; elapsed 0Total elapsed time: 0.763 sec.
@I [HLS-100] Command "source /mnt/cas_nfs/applications/Xilinx/Vivado_HLS/2013.4/common/technology/xilinx/common/xilinx.hlp "
@I [HLS-100] Command "source /mnt/cas_nfs/applications/Xilinx/Vivado_HLS/2013.4/common/technology/xilinx/common/target_info.tcl "
@I [HLS-100] Command 'ap_source' returned 0; elapsed 0Total elapsed time: 0.769 sec.
@I [HLS-100] Command "source /mnt/cas_nfs/applications/Xilinx/Vivado_HLS/2013.4/common/technology/xilinx/common/dsp48.hlp "
@I [HLS-100] Command 'ap_source' returned 0; elapsed 0Total elapsed time: 0.770 sec.
@I [HLS-100] Command 'ap_source' returned 0; elapsed 0Total elapsed time: 0.771 sec.
@I [HLS-100] Command "source /mnt/cas_nfs/applications/Xilinx/Vivado_HLS/2013.4/common/technology/xilinx/zynq/dsp48e1.hlp "
@I [HLS-100] Command 'ap_source' returned 0; elapsed 0.01Total elapsed time: 0.772 sec.
@I [HLS-100] Command "get_default_platform "
@I [HLS-100] Command 'get_default_platform' returned 0; elapsed 0Total elapsed time: 0.772 sec.
@I [HLS-100] Command "config_chip_info -quiet -resource  {SLICE 13300}  {LUT 53200}     {FF 106400} {DSP48E 220}   {BRAM 280}  "
@I [HLS-100] Command 'config_chip_info' returned 0; elapsed 0Total elapsed time: 0.772 sec.
@I [HLS-100] Command "config_chip_info -quiet -speed medium "
@I [HLS-100] Command 'config_chip_info' returned 0; elapsed 0Total elapsed time: 0.772 sec.
@I [HLS-100] Command 'import_lib' returned 0; elapsed 0.02Total elapsed time: 0.774 sec.
@I [HLS-100] Command "source /mnt/cas_nfs/applications/Xilinx/Vivado_HLS/2013.4/common/technology/xilinx/zynq/zynq.gen "
@I [HLS-100] Command "source /mnt/cas_nfs/applications/Xilinx/Vivado_HLS/2013.4/common/technology/xilinx/common/virtex.gen "
@I [HLS-100] Command "source /mnt/cas_nfs/applications/Xilinx/Vivado_HLS/2013.4/common/technology/xilinx/common/xilinx.gen "
@I [HLS-100] Command "source /mnt/cas_nfs/applications/Xilinx/Vivado_HLS/2013.4/common/technology/xilinx/interface/plb46.gen "
@I [HLS-100] Command 'ap_source' returned 0; elapsed 0Total elapsed time: 0.779 sec.
@I [HLS-100] Command "source /mnt/cas_nfs/applications/Xilinx/Vivado_HLS/2013.4/common/technology/xilinx/interface/fsl.gen "
@I [HLS-100] Command 'ap_source' returned 0; elapsed 0Total elapsed time: 0.781 sec.
@I [HLS-100] Command "source /mnt/cas_nfs/applications/Xilinx/Vivado_HLS/2013.4/common/technology/xilinx/interface/axi4.gen "
@I [HLS-100] Command 'ap_source' returned 0; elapsed 0Total elapsed time: 0.785 sec.
@I [HLS-100] Command "source /mnt/cas_nfs/applications/Xilinx/Vivado_HLS/2013.4/common/technology/xilinx/scripts/xilinxcoregen.gen "
@I [HLS-100] Command 'ap_source' returned 0; elapsed 0.02Total elapsed time: 0.798 sec.
@I [HLS-100] Command "source /mnt/cas_nfs/applications/Xilinx/Vivado_HLS/2013.4/common/technology/xilinx/interface/XilEDKCoreGen.gen "
@I [HLS-100] Command 'ap_source' returned 0; elapsed 0.01Total elapsed time: 0.813 sec.
@I [HLS-100] Command "source /mnt/cas_nfs/applications/Xilinx/Vivado_HLS/2013.4/common/technology/xilinx/ip/xfft.gen "
@I [HLS-100] Command 'ap_source' returned 0; elapsed 0.16Total elapsed time: 0.984 sec.
@I [HLS-100] Command "source /mnt/cas_nfs/applications/Xilinx/Vivado_HLS/2013.4/common/technology/xilinx/ip/util.gen "
@I [HLS-100] Command 'ap_source' returned 0; elapsed 0.01Total elapsed time: 0.985 sec.
@I [HLS-100] Command "source /mnt/cas_nfs/applications/Xilinx/Vivado_HLS/2013.4/common/technology/xilinx/ip/xfir.gen "
@I [HLS-100] Command "source /mnt/cas_nfs/applications/Xilinx/Vivado_HLS/2013.4/tps/tcl/tcllib1.11.1/struct/list.tcl "
@I [HLS-100] Command "source /mnt/cas_nfs/applications/Xilinx/Vivado_HLS/2013.4/tps/tcl/tcllib1.11.1/cmdline/cmdline.tcl "
@I [HLS-100] Command 'ap_source' returned 0; elapsed 0Total elapsed time: 1.0 sec.
@I [HLS-100] Command 'ap_source' returned 0; elapsed 0.01Total elapsed time: 1.1 sec.
@I [HLS-100] Command "source /mnt/cas_nfs/applications/Xilinx/Vivado_HLS/2013.4/tps/tcl/tcllib1.11.1/math/bignum.tcl "
@I [HLS-100] Command 'ap_source' returned 0; elapsed 0Total elapsed time: 1.6 sec.
@I [HLS-100] Command 'ap_source' returned 0; elapsed 0.02Total elapsed time: 1.11 sec.
@I [HLS-100] Command 'ap_source' returned 0; elapsed 0.22Total elapsed time: 1.11 sec.
@I [HLS-100] Command "source /mnt/cas_nfs/applications/Xilinx/Vivado_HLS/2013.4/common/technology/xilinx/common/dsp48.gen "
@I [HLS-100] Command 'ap_source' returned 0; elapsed 0.01Total elapsed time: 1.13 sec.
@I [HLS-100] Command 'ap_source' returned 0; elapsed 0.23Total elapsed time: 1.13 sec.
@I [HLS-100] Command 'ap_source' returned 0; elapsed 0.23Total elapsed time: 1.13 sec.
@I [HLS-100] Command "get_default_platform "
@I [HLS-100] Command 'get_default_platform' returned 0; elapsed 0Total elapsed time: 1.14 sec.
@I [HLS-100] Command "config_chip_info -quiet -resource  {SLICE 13300}  {LUT 53200}     {FF 106400} {DSP48E 220}   {BRAM 280}  "
@I [HLS-100] Command 'config_chip_info' returned 0; elapsed 0Total elapsed time: 1.14 sec.
@I [HLS-100] Command "config_chip_info -quiet -speed slow "
@I [HLS-100] Command 'config_chip_info' returned 0; elapsed 0Total elapsed time: 1.14 sec.
@I [HLS-100] Command 'add_library' returned 0; elapsed 0.26Total elapsed time: 1.14 sec.
@I [HLS-100] Command "add_library xilinx/zynq/zynq_fpv6 "
@I [HLS-100] Command "get_default_platform "
@I [HLS-100] Command 'get_default_platform' returned 0; elapsed 0Total elapsed time: 1.15 sec.
@I [HLS-100] Command "license_exists VIVADO_HLS "
@I [HLS-100] Command 'license_exists' returned 1; elapsed 0Total elapsed time: 1.15 sec.
@I [HLS-100] Command "license_exists AUTOESL_NI "
@I [HLS-100] Command 'license_exists' returned 1; elapsed 0Total elapsed time: 1.15 sec.
@I [HLS-100] Command "license_exists HLS "
@I [HLS-100] Command 'license_exists' returned 0; elapsed 0Total elapsed time: 1.15 sec.
@I [HLS-100] Command "open_platform DefaultPlatform "
@I [HLS-100] Command 'open_platform' returned 0; elapsed 0Total elapsed time: 1.15 sec.
@I [HLS-100] Command "import_lib /mnt/cas_nfs/applications/Xilinx/Vivado_HLS/2013.4/common/technology/xilinx/zynq/zynq_fpv6 "
@I [HLS-100] Command "source /mnt/cas_nfs/applications/Xilinx/Vivado_HLS/2013.4/common/technology/xilinx/common/xilinx_fpv7.lib "
@I [HLS-100] Command "source /mnt/cas_nfs/applications/Xilinx/Vivado_HLS/2013.4/common/technology/xilinx/common/xilinx_fpv6.lib "
@I [HLS-100] Command 'ap_source' returned 0; elapsed 0Total elapsed time: 1.19 sec.
@I [HLS-100] Command 'ap_source' returned 0; elapsed 0Total elapsed time: 1.20 sec.
@I [HLS-100] Command 'import_lib' returned 0; elapsed 0.01Total elapsed time: 1.30 sec.
@I [HLS-100] Command "source /mnt/cas_nfs/applications/Xilinx/Vivado_HLS/2013.4/common/technology/xilinx/zynq/zynq_fpv6.gen "
@I [HLS-100] Command "source /mnt/cas_nfs/applications/Xilinx/Vivado_HLS/2013.4/common/technology/xilinx/common/xilinx_fpv6.gen "
@I [HLS-100] Command 'ap_source' returned 0; elapsed 0Total elapsed time: 1.32 sec.
@I [HLS-100] Command 'ap_source' returned 0; elapsed 0Total elapsed time: 1.32 sec.
@I [HLS-100] Command 'add_library' returned 0; elapsed 0.01Total elapsed time: 1.33 sec.
@I [HLS-10] Setting target device to 'xc7z020clg484-1'
@I [HLS-100] Command 'set_part' returned 0; elapsed 0.27Total elapsed time: 1.33 sec.
@I [HLS-100] Command "create_clock -period 10 -name default "
@I [HLS-100] Command "config_clock -quiet -name default -period 10 -default=false "
@I [SYN-201] Setting up clock 'default' with a period of 10ns.
@I [HLS-100] Command 'config_clock' returned 0; elapsed 0Total elapsed time: 1.34 sec.
@I [HLS-100] Command 'create_clock' returned 0; elapsed 0Total elapsed time: 1.34 sec.
@I [HLS-100] Command "source ./hhb_query/hhb_query/directives.tcl "
@I [HLS-100] Command 'ap_source' returned 1; elapsed 0Total elapsed time: 1.34 sec.
@I [HLS-100] Command "cleanup_all "
@I [HLS-100] Command 'cleanup_all' returned 0; elapsed 0Total elapsed time: 1.34 sec.
