Copyright 1986-1999, 2001-2013 Xilinx, Inc. All Rights Reserved.
------------------------------------------------------------------------------------------------------------------------------
| Tool Version : Vivado v.2013.4 (lin64) Build 353583 Mon Dec  9 17:26:26 MST 2013
| Date         : Mon Jun  2 23:35:50 2014
| Host         : ee-boxer0 running 64-bit Ubuntu 10.04.4 LTS
| Command      : report_timing_summary -file combiner_top_timing_summary_routed.rpt -pb combiner_top_timing_summary_routed.pb
| Design       : combiner_top
| Device       : 7z020-clg484
| Speed File   : -1  PRODUCTION 1.09 2013-11-22
------------------------------------------------------------------------------------------------------------------------------

Timing Summary Report

------------------------------------------------------------------------------------------------
| Timer Settings
| --------------
------------------------------------------------------------------------------------------------

  Enable Multi Corner Analysis               :  Yes
  Enable Pessimism Removal                   :  Yes
  Pessimism Removal Resolution               :  Nearest Common Node
  Enable Input Delay Default Clock           :  No
  Enable Preset / Clear Arcs                 :  No
  Disable Flight Delays                      :  No

  Corner  Analyze    Analyze    
  Name    Max Paths  Min Paths  
  ------  ---------  ---------  
  Slow    Yes        Yes        
  Fast    Yes        Yes        


------------------------------------------------------------------------------------------------
| Check Timing
| ------------
------------------------------------------------------------------------------------------------


Checking 'no_clock'.
 There are 0 register/latch pins with no clock.
 There are 0 register/latch pins with constant_clock.

Checking 'unconstrained_internal_endpoints'.
 There are 784 pins that are not constrained for maximum delay.
 There are 0 pins that are not constrained for maximum delay due to constant clock.

Checking 'no_input_delay'.
 There are 222 input ports with no input delay specified.

Checking 'no_output_delay'.
 There are 162 ports with no output delay specified.

Checking 'multiple_clock'.
 There are 0 register/latch pins with related clocks.
 There are 0 register/latch pins with exclusive clocks.

Checking 'generated_clocks'.
 There are 0 generated clocks that are not connected to a clock source.

Checking 'loops'.
 There are 0 combinational loops in the design.

Checking 'partial_input_delay'.
 There are 0 input ports with partial input delay specified.

Checking 'partial_output_delay'.
 There are 0 ports with partial output delay specified.

Checking 'unexpandable_clocks'.
 There are 0 related clock pairs.
 There are 0 User Ignored clock pairs.

Checking 'latch_loops'.
 There are 0 combinational latch loops in the design through latch input

------------------------------------------------------------------------------------------------
| Design Timing Summary
| ---------------------
------------------------------------------------------------------------------------------------

    WNS(ns)      TNS(ns)  TNS Failing Endpoints  TNS Total Endpoints      WHS(ns)      THS(ns)  THS Failing Endpoints  THS Total Endpoints     WPWS(ns)     TPWS(ns)  TPWS Failing Endpoints  TPWS Total Endpoints  
    -------      -------  ---------------------  -------------------      -------      -------  ---------------------  -------------------     --------     --------  ----------------------  --------------------  
      0.162        0.000                      0                12931        0.058        0.000                      0                12931        3.971        0.000                       0                  6442  


All user specified timing constraints are met.


------------------------------------------------------------------------------------------------
| Clock Summary
| -------------
------------------------------------------------------------------------------------------------

Clock  Waveform(ns)       Period(ns)      Frequency(MHz)
-----  ------------       ----------      --------------
CLK    {0.000 5.000}      10.000          100.000         


------------------------------------------------------------------------------------------------
| Intra Clock Table
| -----------------
------------------------------------------------------------------------------------------------

Clock             WNS(ns)      TNS(ns)  TNS Failing Endpoints  TNS Total Endpoints      WHS(ns)      THS(ns)  THS Failing Endpoints  THS Total Endpoints     WPWS(ns)     TPWS(ns)  TPWS Failing Endpoints  TPWS Total Endpoints  
-----             -------      -------  ---------------------  -------------------      -------      -------  ---------------------  -------------------     --------     --------  ----------------------  --------------------  
CLK                 0.162        0.000                      0                12931        0.058        0.000                      0                12931        3.971        0.000                       0                  6442  


------------------------------------------------------------------------------------------------
| Inter Clock Table
| -----------------
------------------------------------------------------------------------------------------------

From Clock    To Clock          WNS(ns)      TNS(ns)  TNS Failing Endpoints  TNS Total Endpoints      WHS(ns)      THS(ns)  THS Failing Endpoints  THS Total Endpoints  
----------    --------          -------      -------  ---------------------  -------------------      -------      -------  ---------------------  -------------------  


------------------------------------------------------------------------------------------------
| Other Path Groups Table
| -----------------------
------------------------------------------------------------------------------------------------

Path Group    From Clock    To Clock          WNS(ns)      TNS(ns)  TNS Failing Endpoints  TNS Total Endpoints      WHS(ns)      THS(ns)  THS Failing Endpoints  THS Total Endpoints  
----------    ----------    --------          -------      -------  ---------------------  -------------------      -------      -------  ---------------------  -------------------  


------------------------------------------------------------------------------------------------
| Timing Details
| --------------
------------------------------------------------------------------------------------------------


---------------------------------------------------------------------------------------------------
From Clock:  CLK
  To Clock:  CLK

Setup :            0  Failing Endpoints,  Worst Slack        0.162ns,  Total Violation        0.000ns
Hold  :            0  Failing Endpoints,  Worst Slack        0.058ns,  Total Violation        0.000ns
PW    :            0  Failing Endpoints,  Worst Slack        3.971ns,  Total Violation        0.000ns
---------------------------------------------------------------------------------------------------


Max Delay Paths
--------------------------------------------------------------------------------------
Slack (MET) :             0.162ns  (required time - arrival time)
  Source:                 combiner_top_udiv_32ns_32ns_32_35_U2/combiner_top_udiv_32ns_32ns_32_35_div_U/do_start_reg/C
                            (rising edge-triggered cell FDRE clocked by CLK  {rise@0.000ns fall@5.000ns period=10.000ns})
  Destination:            combiner_top_udiv_32ns_32ns_32_35_U3/combiner_top_udiv_32ns_32ns_32_35_div_U/quot_tmp_reg[31][1]_srl2/CE
                            (rising edge-triggered cell SRL16E clocked by CLK  {rise@0.000ns fall@5.000ns period=10.000ns})
  Path Group:             CLK
  Path Type:              Setup (Max at Slow Process Corner)
  Requirement:            10.000ns  (CLK rise@10.000ns - CLK rise@0.000ns)
  Data Path Delay:        9.237ns  (logic 0.518ns (5.608%)  route 8.719ns (94.392%))
  Logic Levels:           0  
  Clock Path Skew:        -0.049ns (DCD - SCD + CPR)
    Destination Clock Delay (DCD):    0.924ns = ( 10.924 - 10.000 ) 
    Source Clock Delay      (SCD):    0.973ns
    Clock Pessimism Removal (CPR):    0.000ns
  Clock Uncertainty:      0.035ns  ((TSJ^2 + TIJ^2)^1/2 + DJ) / 2 + PE
    Total System Jitter     (TSJ):    0.071ns
    Total Input Jitter      (TIJ):    0.000ns
    Discrete Jitter          (DJ):    0.000ns
    Phase Error              (PE):    0.000ns

    Location             Delay type                Incr(ns)  Path(ns)    Netlist Resource(s)
  -------------------------------------------------------------------    -------------------
                         (clock CLK rise edge)        0.000     0.000 r  
                                                      0.000     0.000 r  ap_clk
                         net (fo=6441, unset)         0.973     0.973    combiner_top_udiv_32ns_32ns_32_35_U2/combiner_top_udiv_32ns_32ns_32_35_div_U/ap_clk
    SLICE_X36Y96                                                      r  combiner_top_udiv_32ns_32ns_32_35_U2/combiner_top_udiv_32ns_32ns_32_35_div_U/do_start_reg/C
  -------------------------------------------------------------------    -------------------
    SLICE_X36Y96         FDRE (Prop_fdre_C_Q)         0.518     1.491 r  combiner_top_udiv_32ns_32ns_32_35_U2/combiner_top_udiv_32ns_32ns_32_35_div_U/do_start_reg/Q
                         net (fo=5373, routed)        8.719    10.210    combiner_top_udiv_32ns_32ns_32_35_U3/combiner_top_udiv_32ns_32ns_32_35_div_U/do_start
    SLICE_X92Y79         SRL16E                                       r  combiner_top_udiv_32ns_32ns_32_35_U3/combiner_top_udiv_32ns_32ns_32_35_div_U/quot_tmp_reg[31][1]_srl2/CE
  -------------------------------------------------------------------    -------------------

                         (clock CLK rise edge)       10.000    10.000 r  
                                                      0.000    10.000 r  ap_clk
                         net (fo=6441, unset)         0.924    10.924    combiner_top_udiv_32ns_32ns_32_35_U3/combiner_top_udiv_32ns_32ns_32_35_div_U/ap_clk
    SLICE_X92Y79                                                      r  combiner_top_udiv_32ns_32ns_32_35_U3/combiner_top_udiv_32ns_32ns_32_35_div_U/quot_tmp_reg[31][1]_srl2/CLK
                         clock pessimism              0.000    10.924    
                         clock uncertainty           -0.035    10.889    
    SLICE_X92Y79         SRL16E (Setup_srl16e_CLK_CE)
                                                     -0.517    10.372    combiner_top_udiv_32ns_32ns_32_35_U3/combiner_top_udiv_32ns_32ns_32_35_div_U/quot_tmp_reg[31][1]_srl2
  -------------------------------------------------------------------
                         required time                         10.372    
                         arrival time                         -10.210    
  -------------------------------------------------------------------
                         slack                                  0.162    





Min Delay Paths
--------------------------------------------------------------------------------------
Slack (MET) :             0.058ns  (arrival time - required time)
  Source:                 combiner_top_udiv_32ns_32ns_32_35_U1/combiner_top_udiv_32ns_32ns_32_35_div_U/dividend0_reg[8]/C
                            (rising edge-triggered cell FDRE clocked by CLK  {rise@0.000ns fall@5.000ns period=10.000ns})
  Destination:            combiner_top_udiv_32ns_32ns_32_35_U1/combiner_top_udiv_32ns_32ns_32_35_div_U/dividend_tmp_reg[22][30]_srl23/D
                            (rising edge-triggered cell SRLC32E clocked by CLK  {rise@0.000ns fall@5.000ns period=10.000ns})
  Path Group:             CLK
  Path Type:              Hold (Min at Fast Process Corner)
  Requirement:            0.000ns  (CLK rise@0.000ns - CLK rise@0.000ns)
  Data Path Delay:        0.197ns  (logic 0.141ns (71.611%)  route 0.056ns (28.389%))
  Logic Levels:           0  
  Clock Path Skew:        0.022ns (DCD - SCD - CPR)
    Destination Clock Delay (DCD):    0.432ns
    Source Clock Delay      (SCD):    0.410ns
    Clock Pessimism Removal (CPR):    -0.000ns

    Location             Delay type                Incr(ns)  Path(ns)    Netlist Resource(s)
  -------------------------------------------------------------------    -------------------
                         (clock CLK rise edge)        0.000     0.000 r  
                                                      0.000     0.000 r  ap_clk
                         net (fo=6441, unset)         0.410     0.410    combiner_top_udiv_32ns_32ns_32_35_U1/combiner_top_udiv_32ns_32ns_32_35_div_U/ap_clk
    SLICE_X95Y121                                                     r  combiner_top_udiv_32ns_32ns_32_35_U1/combiner_top_udiv_32ns_32ns_32_35_div_U/dividend0_reg[8]/C
  -------------------------------------------------------------------    -------------------
    SLICE_X95Y121        FDRE (Prop_fdre_C_Q)         0.141     0.551 r  combiner_top_udiv_32ns_32ns_32_35_U1/combiner_top_udiv_32ns_32ns_32_35_div_U/dividend0_reg[8]/Q
                         net (fo=1, routed)           0.056     0.607    combiner_top_udiv_32ns_32ns_32_35_U1/combiner_top_udiv_32ns_32ns_32_35_div_U/dividend0[8]
    SLICE_X94Y121        SRLC32E                                      r  combiner_top_udiv_32ns_32ns_32_35_U1/combiner_top_udiv_32ns_32ns_32_35_div_U/dividend_tmp_reg[22][30]_srl23/D
  -------------------------------------------------------------------    -------------------

                         (clock CLK rise edge)        0.000     0.000 r  
                                                      0.000     0.000 r  ap_clk
                         net (fo=6441, unset)         0.432     0.432    combiner_top_udiv_32ns_32ns_32_35_U1/combiner_top_udiv_32ns_32ns_32_35_div_U/ap_clk
    SLICE_X94Y121                                                     r  combiner_top_udiv_32ns_32ns_32_35_U1/combiner_top_udiv_32ns_32ns_32_35_div_U/dividend_tmp_reg[22][30]_srl23/CLK
                         clock pessimism              0.000     0.432    
    SLICE_X94Y121        SRLC32E (Hold_srlc32e_CLK_D)
                                                      0.117     0.549    combiner_top_udiv_32ns_32ns_32_35_U1/combiner_top_udiv_32ns_32ns_32_35_div_U/dividend_tmp_reg[22][30]_srl23
  -------------------------------------------------------------------
                         required time                         -0.549    
                         arrival time                           0.607    
  -------------------------------------------------------------------
                         slack                                  0.058    





Pulse Width Checks
--------------------------------------------------------------------------------------
Clock Name:         CLK
Waveform:           { 0 5 }
Period:             10.000
Sources:            { ap_clk }

Check Type        Corner  Lib Pin             Reference Pin  Required  Actual  Slack  Location       Pin
Min Period        n/a     RAMB36E1/CLKARDCLK  n/a            2.576     10.000  7.424  RAMB36_X4Y23   c_buffer_U/combiner_top_c_buffer_ram_U/ram_reg/CLKARDCLK
Low Pulse Width   Slow    SRL16E/CLK          n/a            0.980     4.951   3.971  SLICE_X42Y135  ap_reg_ppstg_exitcond2_reg_1144_pp2_it4_reg[0]_srl4/CLK
High Pulse Width  Slow    SRL16E/CLK          n/a            0.980     4.951   3.971  SLICE_X42Y135  ap_reg_ppstg_exitcond2_reg_1144_pp2_it4_reg[0]_srl4/CLK



