Copyright 1986-1999, 2001-2013 Xilinx, Inc. All Rights Reserved.
-----------------------------------------------------------------------------------
| Tool Version : Vivado v.2013.4 (lin64) Build 353583 Mon Dec  9 17:26:26 MST 2013
| Date         : Thu Jun 12 14:18:28 2014
| Host         : ee-boxer0 running 64-bit Ubuntu 10.04.4 LTS
| Command      : report_timing -file ./report/lloyds_kernel_top_timing_synth.rpt
| Design       : lloyds_kernel_top
| Device       : 7z020-clg484
| Speed File   : -1  PRODUCTION 1.09 2013-11-22
-----------------------------------------------------------------------------------

Timing Report

Slack (MET) :             2.975ns  (required time - arrival time)
  Source:                 grp_load_centres_buffer_fu_522/FSM_onehot_ap_CS_fsm_reg[1]/C
                            (rising edge-triggered cell FDRE clocked by CLK  {rise@0.000ns fall@5.000ns period=10.000ns})
  Destination:            grp_load_centres_buffer_fu_522/int_buffer_U/load_centres_buffer_int_buffer_ram_U/ram_reg/ADDRARDADDR[13]
                            (rising edge-triggered cell RAMB36E1 clocked by CLK  {rise@0.000ns fall@5.000ns period=10.000ns})
  Path Group:             CLK
  Path Type:              Setup (Max at Slow Process Corner)
  Requirement:            10.000ns  (CLK rise@10.000ns - CLK rise@0.000ns)
  Data Path Delay:        6.375ns  (logic 2.294ns (35.985%)  route 4.081ns (64.015%))
  Logic Levels:           6  (CARRY4=2 LUT3=3 LUT5=1)
  Clock Path Skew:        -0.049ns (DCD - SCD + CPR)
    Destination Clock Delay (DCD):    0.924ns = ( 10.924 - 10.000 ) 
    Source Clock Delay      (SCD):    0.973ns
    Clock Pessimism Removal (CPR):    0.000ns
  Clock Uncertainty:      0.035ns  ((TSJ^2 + TIJ^2)^1/2 + DJ) / 2 + PE
    Total System Jitter     (TSJ):    0.071ns
    Total Input Jitter      (TIJ):    0.000ns
    Discrete Jitter          (DJ):    0.000ns
    Phase Error              (PE):    0.000ns

    Location             Delay type                Incr(ns)  Path(ns)    Netlist Resource(s)
  -------------------------------------------------------------------    -------------------
                         (clock CLK rise edge)        0.000     0.000 r  
                                                      0.000     0.000 r  ap_clk
                         net (fo=1721, unset)         0.973     0.973    grp_load_centres_buffer_fu_522/ap_clk
                                                                      r  grp_load_centres_buffer_fu_522/FSM_onehot_ap_CS_fsm_reg[1]/C
  -------------------------------------------------------------------    -------------------
                         FDRE (Prop_fdre_C_Q)         0.518     1.491 f  grp_load_centres_buffer_fu_522/FSM_onehot_ap_CS_fsm_reg[1]/Q
                         net (fo=19, unplaced)        0.865     2.356    grp_load_centres_buffer_fu_522/int_buffer_U/load_centres_buffer_int_buffer_ram_U/I4[1]
                         LUT5 (Prop_lut5_I0_O)        0.295     2.651 f  grp_load_centres_buffer_fu_522/int_buffer_U/load_centres_buffer_int_buffer_ram_U/ram_reg_i_33/O
                         net (fo=1, unplaced)         0.449     3.100    grp_load_centres_buffer_fu_522/int_buffer_U/load_centres_buffer_int_buffer_ram_U/n_3_ram_reg_i_33
                         LUT3 (Prop_lut3_I2_O)        0.124     3.224 r  grp_load_centres_buffer_fu_522/int_buffer_U/load_centres_buffer_int_buffer_ram_U/ram_reg_i_25/O
                         net (fo=49, unplaced)        0.984     4.208    grp_load_centres_buffer_fu_522/n_67_int_buffer_U
                         LUT3 (Prop_lut3_I0_O)        0.124     4.332 r  grp_load_centres_buffer_fu_522/i_V_reg_428[0]_i_1/O
                         net (fo=2, unplaced)         0.345     4.677    grp_load_centres_buffer_fu_522/i_V_fu_319_p2[0]
                         CARRY4 (Prop_carry4_CYINIT_CO[3])
                                                      0.595     5.272 r  grp_load_centres_buffer_fu_522/tmp_9_reg_433_reg[4]_i_1/CO[3]
                         net (fo=1, unplaced)         0.009     5.281    grp_load_centres_buffer_fu_522/n_3_tmp_9_reg_433_reg[4]_i_1
                         CARRY4 (Prop_carry4_CI_O[3])
                                                      0.331     5.612 r  grp_load_centres_buffer_fu_522/tmp_9_reg_433_reg[8]_i_1/O[3]
                         net (fo=2, unplaced)         0.629     6.241    grp_load_centres_buffer_fu_522/int_buffer_U/load_centres_buffer_int_buffer_ram_U/p_0_in0_out[7]
                         LUT3 (Prop_lut3_I2_O)        0.307     6.548 r  grp_load_centres_buffer_fu_522/int_buffer_U/load_centres_buffer_int_buffer_ram_U/ram_reg_i_4/O
                         net (fo=1, unplaced)         0.800     7.348    grp_load_centres_buffer_fu_522/int_buffer_U/load_centres_buffer_int_buffer_ram_U/address0[8]
                         RAMB36E1                                     r  grp_load_centres_buffer_fu_522/int_buffer_U/load_centres_buffer_int_buffer_ram_U/ram_reg/ADDRARDADDR[13]
  -------------------------------------------------------------------    -------------------

                         (clock CLK rise edge)       10.000    10.000 r  
                                                      0.000    10.000 r  ap_clk
                         net (fo=1721, unset)         0.924    10.924    grp_load_centres_buffer_fu_522/int_buffer_U/load_centres_buffer_int_buffer_ram_U/ap_clk
                                                                      r  grp_load_centres_buffer_fu_522/int_buffer_U/load_centres_buffer_int_buffer_ram_U/ram_reg/CLKARDCLK
                         clock pessimism              0.000    10.924    
                         clock uncertainty           -0.035    10.889    
                         RAMB36E1 (Setup_ramb36e1_CLKARDCLK_ADDRARDADDR[13])
                                                     -0.566    10.323    grp_load_centres_buffer_fu_522/int_buffer_U/load_centres_buffer_int_buffer_ram_U/ram_reg
  -------------------------------------------------------------------
                         required time                         10.323    
                         arrival time                          -7.348    
  -------------------------------------------------------------------
                         slack                                  2.975    




