

================================================================
== Vivado HLS Report for 'load_points_buffer'
================================================================
* Date:           Thu Jul 17 18:27:20 2014

* Version:        2013.4 (build date: Mon Dec 09 17:07:59 PM 2013)
* Project:        kernel
* Solution:       kernel
* Product family: zynq zynq_fpv6 
* Target device:  xc7z020clg484-1


================================================================
== Performance Estimates
================================================================
+ Timing (ns): 
    * Summary: 
    +---------+-------+----------+------------+
    |  Clock  | Target| Estimated| Uncertainty|
    +---------+-------+----------+------------+
    |default  |  10.00|      8.75|        1.25|
    +---------+-------+----------+------------+

+ Latency (clock cycles): 
    * Summary: 
    +-----+-----+-----+-----+---------+
    |  Latency  |  Interval | Pipeline|
    | min | max | min | max |   Type  |
    +-----+-----+-----+-----+---------+
    |   89|   89|   89|   89|   none  |
    +-----+-----+-----+-----+---------+

    + Detail: 
        * Instance: 
        N/A

        * Loop: 
        +----------+-----+-----+----------+-----------+-----------+------+----------+
        |          |  Latency  | Iteration|  Initiation Interval  | Trip |          |
        | Loop Name| min | max |  Latency |  achieved |   target  | Count| Pipelined|
        +----------+-----+-----+----------+-----------+-----------+------+----------+
        |- Loop 1  |   54|   54|         8|          1|          1|    48|    yes   |
        |- Loop 2  |   32|   32|         3|          2|          1|    16|    yes   |
        +----------+-----+-----+----------+-----------+-----------+------+----------+



================================================================
== Utilization Estimates
================================================================
* Summary: 
+-----------------+---------+-------+--------+-------+
|       Name      | BRAM_18K| DSP48E|   FF   |  LUT  |
+-----------------+---------+-------+--------+-------+
|Expression       |        -|      -|       -|      -|
|FIFO             |        -|      -|       -|      -|
|Instance         |        -|      -|       -|      -|
|Memory           |        -|      -|       -|      -|
|Multiplexer      |        -|      -|       -|      -|
|Register         |        -|      -|       -|      -|
|ShiftMemory      |        -|      -|       -|      -|
+-----------------+---------+-------+--------+-------+
|Total            |        0|      0|       0|      0|
+-----------------+---------+-------+--------+-------+
|Available        |      280|    220|  106400|  53200|
+-----------------+---------+-------+--------+-------+
|Utilization (%)  |        0|      0|       0|      0|
+-----------------+---------+-------+--------+-------+

+ Detail: 
    * Instance: 
    N/A

    * Memory: 
    N/A

    * FIFO: 
    N/A

    * Shift register: 
    N/A

    * Expression: 
    N/A

    * Multiplexer: 
    N/A

    * Register: 
    N/A



================================================================
== Interface
================================================================
* Summary: 
N/A

============================================================
+ Verbose Summary: Synthesis Manager
============================================================
InlineROM: 1
ExposeGlobal: 0
============================================================
+ Verbose Summary: CDFG Model
============================================================
IsTopModel: 0
ResetActiveHigh: 1
IsCombinational: 0
IsDatapathOnly: 0
HasWiredReturn: 1
HasMFsm: 0
HasVarLatency: 1
IsPipeline: 0
IsRtlPipelined: 0
IsInstanceOverlapped: 0
IsDontTouch: 0
HasImplIP: 0
IsGatedGlobalClock: 0

+ Individual pipeline summary: 
  * Pipeline-0: initiation interval (II) = 1, depth = 8
  * Pipeline-1: initiation interval (II) = 2, depth = 3


============================================================
+ Verbose Summary: Schedule
============================================================
* Number of FSM states: 13
* Pipeline: 2
  Pipeline-0: II = 1, D = 8, States = { 2 3 4 5 6 7 8 9 }
  Pipeline-1: II = 2, D = 3, States = { 10 11 12 }
* Dataflow Pipeline: 0

* FSM state transitions: 
1 --> 
	2  / true
2 --> 
	10  / (exitcond2)
	3  / (!exitcond2)
3 --> 
	4  / true
4 --> 
	5  / true
5 --> 
	6  / true
6 --> 
	7  / true
7 --> 
	8  / true
8 --> 
	9  / true
9 --> 
	2  / true
10 --> 
	13  / (exitcond1)
	11  / (!exitcond1)
11 --> 
	12  / true
12 --> 
	10  / true
13 --> 
* FSM state operations: 

 <State 1>: 2.44ns
ST_1: stg_14 [1/1] 0.00ns
:0  call void (...)* @_ssdm_op_SpecIFCore(i32 %offset, [1 x i8]* @p_str19, [10 x i8]* @p_str816, [1 x i8]* @p_str19, [1 x i8]* @p_str19, [1 x i8]* @p_str19, [23 x i8]* @p_str9)

ST_1: stg_15 [1/1] 0.00ns
:1  call void (...)* @_ssdm_op_SpecIFCore(i32* %bus_r, [1 x i8]* @p_str19, [6 x i8]* @p_str614, [1 x i8]* @p_str19, [1 x i8]* @p_str19, [1 x i8]* @p_str19, [1 x i8]* @p_str19)

ST_1: stg_16 [1/1] 0.00ns
:2  call void (...)* @_ssdm_op_SpecBus(i32* %bus_r, [7 x i8]* @p_str513, i32 0, i32 0, i32 0, [1 x i8]* @p_str19) nounwind

ST_1: address_read [1/1] 0.00ns
:3  %address_read = call i32 @_ssdm_op_Read.ap_auto.i32(i32 %address)

ST_1: offset_read [1/1] 0.00ns
:4  %offset_read = call i32 @_ssdm_op_Read.ap_auto.i32(i32 %offset)

ST_1: int_buffer [1/1] 0.00ns
:5  %int_buffer = alloca [48 x i32], align 16

ST_1: tmp_1 [1/1] 2.44ns
:6  %tmp_1 = add i32 %address_read, %offset_read

ST_1: tmp_3 [1/1] 0.00ns
:7  %tmp_3 = call i30 @_ssdm_op_PartSelect.i30.i32.i32.i32(i32 %tmp_1, i32 2, i32 31)

ST_1: tmp_3_cast [1/1] 0.00ns
:8  %tmp_3_cast = zext i30 %tmp_3 to i64

ST_1: bus_addr [1/1] 0.00ns
:9  %bus_addr = getelementptr inbounds i32* %bus_r, i64 %tmp_3_cast

ST_1: stg_24 [1/1] 1.30ns
:10  br label %burst.rd.header


 <State 2>: 3.19ns
ST_2: indvar [1/1] 0.00ns
burst.rd.header:0  %indvar = phi i6 [ %indvar_next, %burst.rd.body3 ], [ 0, %0 ]

ST_2: exitcond2 [1/1] 1.94ns
burst.rd.header:1  %exitcond2 = icmp eq i6 %indvar, -16

ST_2: indvar_next [1/1] 1.72ns
burst.rd.header:2  %indvar_next = add i6 %indvar, 1

ST_2: stg_28 [1/1] 1.26ns
burst.rd.header:3  br i1 %exitcond2, label %burst.rd.end, label %burst.rd.body1

ST_2: isIter0 [1/1] 1.94ns
burst.rd.body1:3  %isIter0 = icmp eq i6 %indvar, 0

ST_2: stg_30 [1/1] 0.00ns
burst.rd.body1:4  br i1 %isIter0, label %burst.rd.body2, label %burst.rd.body3


 <State 3>: 8.75ns
ST_3: bus_addr_req [5/5] 8.75ns
burst.rd.body2:0  %bus_addr_req = call i1 @_ssdm_op_ReadReq.ap_bus.i32P(i32* %bus_addr, i32 48)


 <State 4>: 8.75ns
ST_4: bus_addr_req [4/5] 8.75ns
burst.rd.body2:0  %bus_addr_req = call i1 @_ssdm_op_ReadReq.ap_bus.i32P(i32* %bus_addr, i32 48)


 <State 5>: 8.75ns
ST_5: bus_addr_req [3/5] 8.75ns
burst.rd.body2:0  %bus_addr_req = call i1 @_ssdm_op_ReadReq.ap_bus.i32P(i32* %bus_addr, i32 48)


 <State 6>: 8.75ns
ST_6: bus_addr_req [2/5] 8.75ns
burst.rd.body2:0  %bus_addr_req = call i1 @_ssdm_op_ReadReq.ap_bus.i32P(i32* %bus_addr, i32 48)


 <State 7>: 8.75ns
ST_7: bus_addr_req [1/5] 8.75ns
burst.rd.body2:0  %bus_addr_req = call i1 @_ssdm_op_ReadReq.ap_bus.i32P(i32* %bus_addr, i32 48)


 <State 8>: 8.75ns
ST_8: bus_addr_read [1/1] 8.75ns
burst.rd.body3:0  %bus_addr_read = call i32 @_ssdm_op_Read.ap_bus.i32P(i32* %bus_addr)


 <State 9>: 2.39ns
ST_9: empty [1/1] 0.00ns
burst.rd.body1:0  %empty = call i32 (...)* @_ssdm_op_SpecLoopTripCount(i64 48, i64 48, i64 48)

ST_9: burstread_rbegin [1/1] 0.00ns
burst.rd.body1:1  %burstread_rbegin = call i32 (...)* @_ssdm_op_SpecRegionBegin([17 x i8]* @p_str541)

ST_9: stg_39 [1/1] 0.00ns
burst.rd.body1:2  call void (...)* @_ssdm_op_SpecPipeline(i32 1, i32 1, i32 1, [1 x i8]* @str540)

ST_9: stg_40 [1/1] 0.00ns
burst.rd.body2:1  br label %burst.rd.body3

ST_9: tmp_s [1/1] 0.00ns
burst.rd.body3:1  %tmp_s = zext i6 %indvar to i64

ST_9: int_buffer_addr_6 [1/1] 0.00ns
burst.rd.body3:2  %int_buffer_addr_6 = getelementptr [48 x i32]* %int_buffer, i64 0, i64 %tmp_s

ST_9: stg_43 [1/1] 2.39ns
burst.rd.body3:3  store i32 %bus_addr_read, i32* %int_buffer_addr_6, align 4

ST_9: burstread_rend [1/1] 0.00ns
burst.rd.body3:4  %burstread_rend = call i32 (...)* @_ssdm_op_SpecRegionEnd([17 x i8]* @p_str541, i32 %burstread_rbegin)

ST_9: stg_45 [1/1] 0.00ns
burst.rd.body3:5  br label %burst.rd.header


 <State 10>: 5.83ns
ST_10: i [1/1] 0.00ns
burst.rd.end:0  %i = phi i5 [ %i_1, %1 ], [ 0, %burst.rd.header ]

ST_10: exitcond1 [1/1] 1.91ns
burst.rd.end:1  %exitcond1 = icmp eq i5 %i, -16

ST_10: i_1 [1/1] 1.72ns
burst.rd.end:2  %i_1 = add i5 %i, 1

ST_10: stg_49 [1/1] 0.00ns
burst.rd.end:3  br i1 %exitcond1, label %2, label %1

ST_10: i_cast1 [1/1] 0.00ns
:0  %i_cast1 = zext i5 %i to i7

ST_10: tmp_24 [1/1] 0.00ns
:4  %tmp_24 = trunc i5 %i to i4

ST_10: p_shl [1/1] 0.00ns
:5  %p_shl = call i6 @_ssdm_op_BitConcatenate.i6.i4.i2(i4 %tmp_24, i2 0)

ST_10: p_shl_cast [1/1] 0.00ns
:6  %p_shl_cast = zext i6 %p_shl to i7

ST_10: tmp_5 [1/1] 1.72ns
:7  %tmp_5 = sub i7 %p_shl_cast, %i_cast1

ST_10: tmp_5_cast [1/1] 0.00ns
:8  %tmp_5_cast = sext i7 %tmp_5 to i32

ST_10: tmp_9 [1/1] 0.00ns
:10  %tmp_9 = zext i32 %tmp_5_cast to i64

ST_10: int_buffer_addr [1/1] 0.00ns
:11  %int_buffer_addr = getelementptr inbounds [48 x i32]* %int_buffer, i64 0, i64 %tmp_9

ST_10: int_buffer_load [2/2] 2.39ns
:12  %int_buffer_load = load i32* %int_buffer_addr, align 4

ST_10: tmp_8_1 [1/1] 1.72ns
:15  %tmp_8_1 = add i7 %tmp_5, 1

ST_10: tmp_8_1_cast [1/1] 0.00ns
:16  %tmp_8_1_cast = sext i7 %tmp_8_1 to i32

ST_10: tmp_9_1 [1/1] 0.00ns
:17  %tmp_9_1 = zext i32 %tmp_8_1_cast to i64

ST_10: int_buffer_addr_1 [1/1] 0.00ns
:18  %int_buffer_addr_1 = getelementptr inbounds [48 x i32]* %int_buffer, i64 0, i64 %tmp_9_1

ST_10: int_buffer_load_1 [2/2] 2.39ns
:19  %int_buffer_load_1 = load i32* %int_buffer_addr_1, align 4


 <State 11>: 4.78ns
ST_11: tmp_6 [1/1] 0.00ns
:9  %tmp_6 = zext i5 %i to i64

ST_11: int_buffer_load [1/2] 2.39ns
:12  %int_buffer_load = load i32* %int_buffer_addr, align 4

ST_11: buffer_0_value_addr [1/1] 0.00ns
:13  %buffer_0_value_addr = getelementptr [16 x i32]* %buffer_0_value, i64 0, i64 %tmp_6

ST_11: stg_67 [1/1] 2.39ns
:14  store i32 %int_buffer_load, i32* %buffer_0_value_addr, align 4

ST_11: int_buffer_load_1 [1/2] 2.39ns
:19  %int_buffer_load_1 = load i32* %int_buffer_addr_1, align 4

ST_11: buffer_1_value_addr [1/1] 0.00ns
:20  %buffer_1_value_addr = getelementptr [16 x i32]* %buffer_1_value, i64 0, i64 %tmp_6

ST_11: stg_70 [1/1] 2.39ns
:21  store i32 %int_buffer_load_1, i32* %buffer_1_value_addr, align 4

ST_11: tmp_8_2 [1/1] 1.72ns
:22  %tmp_8_2 = add i7 %tmp_5, 2

ST_11: tmp_8_2_cast [1/1] 0.00ns
:23  %tmp_8_2_cast = sext i7 %tmp_8_2 to i32

ST_11: tmp_9_2 [1/1] 0.00ns
:24  %tmp_9_2 = zext i32 %tmp_8_2_cast to i64

ST_11: int_buffer_addr_2 [1/1] 0.00ns
:25  %int_buffer_addr_2 = getelementptr inbounds [48 x i32]* %int_buffer, i64 0, i64 %tmp_9_2

ST_11: int_buffer_load_2 [2/2] 2.39ns
:26  %int_buffer_load_2 = load i32* %int_buffer_addr_2, align 4


 <State 12>: 4.78ns
ST_12: empty_43 [1/1] 0.00ns
:1  %empty_43 = call i32 (...)* @_ssdm_op_SpecLoopTripCount(i64 16, i64 16, i64 16)

ST_12: tmp [1/1] 0.00ns
:2  %tmp = call i32 (...)* @_ssdm_op_SpecRegionBegin([12 x i8]* @p_str8)

ST_12: stg_78 [1/1] 0.00ns
:3  call void (...)* @_ssdm_op_SpecPipeline(i32 1, i32 1, i32 1, [1 x i8]* @p_str19) nounwind

ST_12: int_buffer_load_2 [1/2] 2.39ns
:26  %int_buffer_load_2 = load i32* %int_buffer_addr_2, align 4

ST_12: buffer_2_value_addr [1/1] 0.00ns
:27  %buffer_2_value_addr = getelementptr [16 x i32]* %buffer_2_value, i64 0, i64 %tmp_6

ST_12: stg_81 [1/1] 2.39ns
:28  store i32 %int_buffer_load_2, i32* %buffer_2_value_addr, align 4

ST_12: empty_44 [1/1] 0.00ns
:29  %empty_44 = call i32 (...)* @_ssdm_op_SpecRegionEnd([12 x i8]* @p_str8, i32 %tmp)

ST_12: stg_83 [1/1] 0.00ns
:30  br label %burst.rd.end


 <State 13>: 0.00ns
ST_13: stg_84 [1/1] 0.00ns
:0  ret void



============================================================
+ Verbose Summary: Binding
============================================================
N/A
* FSMD analyzer results:
  - Output states:
  - Chain level:
	State 1
	State 2
	State 3
	State 4
	State 5
	State 6
	State 7
	State 8
	State 9
	State 10
	State 11
	State 12
	State 13


============================================================
+ Verbose Summary: Datapath Resource usage 
============================================================
N/A
