================================================================
  Vivado(TM) HLS - High-Level Synthesis from C, C++ and SystemC
  Version: 2013.4
  Build date: Mon Dec 09 17:07:59 PM 2013
  Copyright (C) 2013 Xilinx Inc. All rights reserved.
================================================================
@I [LIC-101] Checked out feature [HLS]
@W [HLS-40] Vivado in the PATH variable is not from the same build as Vivado HLS. The mismatch may result in unexpected behaviors.
@I [HLS-10] Running '/mnt/cas_nfs/applications/Xilinx/Vivado_HLS/2013.4/bin/unwrapped/lnx64.o/vivado_hls'
            for user 'sf306' on host 'ee-boxer0.ee.ic.ac.uk' (Linux_x86_64 version 2.6.32-41-server) on Wed Apr 16 11:58:30 BST 2014
            in directory '/home/ee/s/sf306/HeterogeneousHeartbeats/hardware/hhb_ip_repository/hhb_query/hhb_query'
@I [HLS-10] Creating and opening project '/home/ee/s/sf306/HeterogeneousHeartbeats/hardware/hhb_ip_repository/hhb_query/hhb_query/hhb_query'.
@I [HLS-10] Adding design file 'src/hhb_query_top.cpp' to the project.
@I [HLS-10] Creating and opening solution '/home/ee/s/sf306/HeterogeneousHeartbeats/hardware/hhb_ip_repository/hhb_query/hhb_query/hhb_query/hhb_query'.
@I [HLS-10] Setting target device to 'xc7z020clg484-1'
@I [SYN-201] Setting up clock 'default' with a period of 10ns.
couldn't read file "./hhb_query/hhb_query/directives.tcl": no such file or directory
    while executing
"source "./hhb_query/hhb_query/directives.tcl""
    (file "script.tcl" line 12)
./hhb_query/hhb_query/directives.tcl can't be opened.
@I [LIC-101] Checked in feature [HLS]
