==============================================================
File generated by Vivado(TM) HLS - High-Level Synthesis from C, C++ and SystemC
Version: 2013.4
Copyright (C) 2013 Xilinx Inc. All rights reserved.

==============================================================

@I [SYN-201] Setting up clock 'default' with a period of 10ns.
@I [HLS-10] Setting target device to 'xc7z020clg484-1'
@W [HLS-40] Cannot find source file hhb_query/src/hwfreqscale_simple_adder_top.cpp; skipping it.
@I [HLS-10] Analyzing design file 'hwfreqscale_simple_adder/src/hwfreqscale_simple_adder_top.cpp' ... 
@I [HLS-10] Validating synthesis directives ...
@I [HLS-10] Starting code transformations ...
@I [HLS-10] Checking synthesizability ...
@I [HLS-111] Elapsed time: 1.64 seconds; current memory usage: 46.9 MB.
@I [HLS-10] Starting hardware synthesis ...
@I [HLS-10] Synthesizing 'hwfreqscale_simple_adder' ...
@W [RTGEN-101] Legalizing port name 'hwfreqscale_simple_adder/output' to 'hwfreqscale_simple_adder/output_r'.
@I [HLS-10] ----------------------------------------------------------------
@I [HLS-10] -- Scheduling module 'hwfreqscale_simple_adder' 
@I [HLS-10] ----------------------------------------------------------------
@I [SCHED-11] Starting scheduling ...
@I [SCHED-11] Finished scheduling.
@I [HLS-111] Elapsed time: 0.01 seconds; current memory usage: 47 MB.
@I [HLS-10] ----------------------------------------------------------------
@I [HLS-10] -- Exploring micro-architecture for module 'hwfreqscale_simple_adder' 
@I [HLS-10] ----------------------------------------------------------------
@I [BIND-100] Starting micro-architecture generation ...
@I [BIND-101] Performing variable lifetime analysis.
@I [BIND-101] Exploring resource sharing.
@I [BIND-101] Binding ...
@I [BIND-100] Finished micro-architecture generation.
@I [HLS-111] Elapsed time: 0 seconds; current memory usage: 47.1 MB.
@I [HLS-10] ----------------------------------------------------------------
@I [HLS-10] -- Generating RTL for module 'hwfreqscale_simple_adder' 
@I [HLS-10] ----------------------------------------------------------------
@I [RTGEN-500] Setting interface mode on port 'hwfreqscale_simple_adder/input1' to 'ap_none' (register).
@I [RTGEN-500] Setting interface mode on port 'hwfreqscale_simple_adder/input2' to 'ap_none' (register).
@I [RTGEN-500] Setting interface mode on port 'hwfreqscale_simple_adder/output_r' to 'ap_none' (register).
@W [RTGEN-101] Port 'output_r' with mode 'ap_none' may require an associated data valid signal to correctly communicate with other blocks or a test bench; automatic C/RTL co-simulation may not be able to verify such a port.
@I [RTGEN-500] Setting interface mode on port 'hwfreqscale_simple_adder/frequency_value' to 'ap_none' (register).
@W [RTGEN-101] Port 'frequency_value' with mode 'ap_none' may require an associated data valid signal to correctly communicate with other blocks or a test bench; automatic C/RTL co-simulation may not be able to verify such a port.
@I [RTGEN-500] Setting interface mode on function 'hwfreqscale_simple_adder' to 'ap_ctrl_hs'.
@I [RTGEN-100] Finished creating RTL model for 'hwfreqscale_simple_adder'.
@I [HLS-111] Elapsed time: 0.01 seconds; current memory usage: 47.3 MB.
@I [HLS-10] Finished generating all RTL models.
@I [WSYSC-301] Generating RTL SystemC for 'hwfreqscale_simple_adder'.
@I [WVHDL-304] Generating RTL VHDL for 'hwfreqscale_simple_adder'.
@I [WVLOG-307] Generating RTL Verilog for 'hwfreqscale_simple_adder'.
@I [IMPL-8] Exporting RTL as an IP in IP-XACT.
@I [HLS-112] Total elapsed time: 24.809 seconds; peak memory usage: 47.3 MB.
@I [LIC-101] Checked in feature [HLS]
