@I [HLS-0] Workspace /home/ee/s/sf306/HeterogeneousHeartbeats/hardware/hhb_ip_repository/hhb_query/hhb_query opened at Wed Apr 16 11:18:11 BST 2014
@I [HLS-100] Command "config_clock -quiet -name default -period 10 -default=false "
@I [SYN-201] Setting up clock 'default' with a period of 10ns.
@I [HLS-100] Command 'config_clock' returned 0; elapsed 0Total elapsed time: 0.735 sec.
@I [HLS-100] Command "open_platform DefaultPlatform "
@I [HLS-100] Command 'open_platform' returned 0; elapsed 0Total elapsed time: 0.737 sec.
@I [HLS-100] Command "import_lib /mnt/cas_nfs/applications/Xilinx/Vivado_HLS/2013.4/common/technology/xilinx/zynq/zynq "
@I [HLS-100] Command "source /mnt/cas_nfs/applications/Xilinx/Vivado_HLS/2013.4/common/technology/xilinx/common/xilinx.lib "
@I [HLS-100] Command "source /mnt/cas_nfs/applications/Xilinx/Vivado_HLS/2013.4/common/technology/xilinx/interface/xilinx_interface.lib "
@I [HLS-100] Command "source /mnt/cas_nfs/applications/Xilinx/Vivado_HLS/2013.4/common/technology/xilinx/interface/plb46.lib "
@I [HLS-100] Command 'ap_source' returned 0; elapsed 0Total elapsed time: 0.743 sec.
@I [HLS-100] Command "source /mnt/cas_nfs/applications/Xilinx/Vivado_HLS/2013.4/common/technology/xilinx/interface/fsl.lib "
@I [HLS-100] Command 'ap_source' returned 0; elapsed 0Total elapsed time: 0.744 sec.
@I [HLS-100] Command "source /mnt/cas_nfs/applications/Xilinx/Vivado_HLS/2013.4/common/technology/xilinx/interface/axi4.lib "
@I [HLS-100] Command 'ap_source' returned 0; elapsed 0Total elapsed time: 0.745 sec.
@I [HLS-100] Command 'ap_source' returned 0; elapsed 0Total elapsed time: 0.745 sec.
@I [HLS-100] Command "source /mnt/cas_nfs/applications/Xilinx/Vivado_HLS/2013.4/common/technology/xilinx/common/dsp48.lib "
@I [HLS-100] Command 'ap_source' returned 0; elapsed 0Total elapsed time: 0.746 sec.
@I [HLS-100] Command "source /mnt/cas_nfs/applications/Xilinx/Vivado_HLS/2013.4/common/technology/xilinx/ip/xfft.lib "
@I [HLS-100] Command 'ap_source' returned 0; elapsed 0Total elapsed time: 0.747 sec.
@I [HLS-100] Command "source /mnt/cas_nfs/applications/Xilinx/Vivado_HLS/2013.4/common/technology/xilinx/ip/xfir.lib "
@I [HLS-100] Command 'ap_source' returned 0; elapsed 0Total elapsed time: 0.748 sec.
@I [HLS-100] Command 'ap_source' returned 0; elapsed 0Total elapsed time: 0.751 sec.
@I [HLS-100] Command "source /mnt/cas_nfs/applications/Xilinx/Vivado_HLS/2013.4/common/technology/xilinx/common/xilinx_old.lib "
@I [HLS-100] Command 'ap_source' returned 0; elapsed 0.01Total elapsed time: 0.755 sec.
@I [HLS-100] Command "source /mnt/cas_nfs/applications/Xilinx/Vivado_HLS/2013.4/common/technology/xilinx/common/xilinx_vivado.lib "
@I [HLS-100] Command 'ap_source' returned 0; elapsed 0Total elapsed time: 0.756 sec.
@I [HLS-100] Command "source /mnt/cas_nfs/applications/Xilinx/Vivado_HLS/2013.4/common/technology/xilinx/common/xilinx.hlp "
@I [HLS-100] Command "source /mnt/cas_nfs/applications/Xilinx/Vivado_HLS/2013.4/common/technology/xilinx/common/target_info.tcl "
@I [HLS-100] Command 'ap_source' returned 0; elapsed 0Total elapsed time: 0.762 sec.
@I [HLS-100] Command "source /mnt/cas_nfs/applications/Xilinx/Vivado_HLS/2013.4/common/technology/xilinx/common/dsp48.hlp "
@I [HLS-100] Command 'ap_source' returned 0; elapsed 0Total elapsed time: 0.763 sec.
@I [HLS-100] Command 'ap_source' returned 0; elapsed 0Total elapsed time: 0.764 sec.
@I [HLS-100] Command "source /mnt/cas_nfs/applications/Xilinx/Vivado_HLS/2013.4/common/technology/xilinx/zynq/dsp48e1.hlp "
@I [HLS-100] Command 'ap_source' returned 0; elapsed 0Total elapsed time: 0.765 sec.
@I [HLS-100] Command "get_default_platform "
@I [HLS-100] Command 'get_default_platform' returned 0; elapsed 0Total elapsed time: 0.765 sec.
@I [HLS-100] Command "config_chip_info -quiet -resource  {SLICE 13300}  {LUT 53200}     {FF 106400} {DSP48E 220}   {BRAM 280}  "
@I [HLS-100] Command 'config_chip_info' returned 0; elapsed 0Total elapsed time: 0.765 sec.
@I [HLS-100] Command "config_chip_info -quiet -speed medium "
@I [HLS-100] Command 'config_chip_info' returned 0; elapsed 0Total elapsed time: 0.765 sec.
@I [HLS-100] Command 'import_lib' returned 0; elapsed 0.01Total elapsed time: 0.767 sec.
@I [HLS-100] Command "source /mnt/cas_nfs/applications/Xilinx/Vivado_HLS/2013.4/common/technology/xilinx/zynq/zynq.gen "
@I [HLS-100] Command "source /mnt/cas_nfs/applications/Xilinx/Vivado_HLS/2013.4/common/technology/xilinx/common/virtex.gen "
@I [HLS-100] Command "source /mnt/cas_nfs/applications/Xilinx/Vivado_HLS/2013.4/common/technology/xilinx/common/xilinx.gen "
@I [HLS-100] Command "source /mnt/cas_nfs/applications/Xilinx/Vivado_HLS/2013.4/common/technology/xilinx/interface/plb46.gen "
@I [HLS-100] Command 'ap_source' returned 0; elapsed 0Total elapsed time: 0.773 sec.
@I [HLS-100] Command "source /mnt/cas_nfs/applications/Xilinx/Vivado_HLS/2013.4/common/technology/xilinx/interface/fsl.gen "
@I [HLS-100] Command 'ap_source' returned 0; elapsed 0Total elapsed time: 0.774 sec.
@I [HLS-100] Command "source /mnt/cas_nfs/applications/Xilinx/Vivado_HLS/2013.4/common/technology/xilinx/interface/axi4.gen "
@I [HLS-100] Command 'ap_source' returned 0; elapsed 0Total elapsed time: 0.778 sec.
@I [HLS-100] Command "source /mnt/cas_nfs/applications/Xilinx/Vivado_HLS/2013.4/common/technology/xilinx/scripts/xilinxcoregen.gen "
@I [HLS-100] Command 'ap_source' returned 0; elapsed 0.01Total elapsed time: 0.791 sec.
@I [HLS-100] Command "source /mnt/cas_nfs/applications/Xilinx/Vivado_HLS/2013.4/common/technology/xilinx/interface/XilEDKCoreGen.gen "
@I [HLS-100] Command 'ap_source' returned 0; elapsed 0.01Total elapsed time: 0.806 sec.
@I [HLS-100] Command "source /mnt/cas_nfs/applications/Xilinx/Vivado_HLS/2013.4/common/technology/xilinx/ip/xfft.gen "
@I [HLS-100] Command 'ap_source' returned 0; elapsed 0.17Total elapsed time: 0.990 sec.
@I [HLS-100] Command "source /mnt/cas_nfs/applications/Xilinx/Vivado_HLS/2013.4/common/technology/xilinx/ip/util.gen "
@I [HLS-100] Command 'ap_source' returned 0; elapsed 0.01Total elapsed time: 0.991 sec.
@I [HLS-100] Command "source /mnt/cas_nfs/applications/Xilinx/Vivado_HLS/2013.4/common/technology/xilinx/ip/xfir.gen "
@I [HLS-100] Command "source /mnt/cas_nfs/applications/Xilinx/Vivado_HLS/2013.4/tps/tcl/tcllib1.11.1/struct/list.tcl "
@I [HLS-100] Command "source /mnt/cas_nfs/applications/Xilinx/Vivado_HLS/2013.4/tps/tcl/tcllib1.11.1/cmdline/cmdline.tcl "
@I [HLS-100] Command 'ap_source' returned 0; elapsed 0Total elapsed time: 1.6 sec.
@I [HLS-100] Command 'ap_source' returned 0; elapsed 0.01Total elapsed time: 1.6 sec.
@I [HLS-100] Command "source /mnt/cas_nfs/applications/Xilinx/Vivado_HLS/2013.4/tps/tcl/tcllib1.11.1/math/bignum.tcl "
@I [HLS-100] Command 'ap_source' returned 0; elapsed 0Total elapsed time: 1.11 sec.
@I [HLS-100] Command 'ap_source' returned 0; elapsed 0.02Total elapsed time: 1.16 sec.
@I [HLS-100] Command 'ap_source' returned 0; elapsed 0.23Total elapsed time: 1.16 sec.
@I [HLS-100] Command "source /mnt/cas_nfs/applications/Xilinx/Vivado_HLS/2013.4/common/technology/xilinx/common/dsp48.gen "
@I [HLS-100] Command 'ap_source' returned 0; elapsed 0.01Total elapsed time: 1.18 sec.
@I [HLS-100] Command 'ap_source' returned 0; elapsed 0.24Total elapsed time: 1.18 sec.
@I [HLS-100] Command 'ap_source' returned 0; elapsed 0.25Total elapsed time: 1.18 sec.
@I [HLS-100] Command "open_platform DefaultPlatform "
@I [HLS-100] Command 'open_platform' returned 0; elapsed 0Total elapsed time: 1.19 sec.
@I [HLS-100] Command "import_lib /mnt/cas_nfs/applications/Xilinx/Vivado_HLS/2013.4/common/technology/xilinx/zynq/zynq_fpv6 "
@I [HLS-100] Command "source /mnt/cas_nfs/applications/Xilinx/Vivado_HLS/2013.4/common/technology/xilinx/common/xilinx_fpv7.lib "
@I [HLS-100] Command "source /mnt/cas_nfs/applications/Xilinx/Vivado_HLS/2013.4/common/technology/xilinx/common/xilinx_fpv6.lib "
@I [HLS-100] Command 'ap_source' returned 0; elapsed 0Total elapsed time: 1.22 sec.
@I [HLS-100] Command 'ap_source' returned 0; elapsed 0Total elapsed time: 1.24 sec.
@I [HLS-100] Command 'import_lib' returned 0; elapsed 0.01Total elapsed time: 1.33 sec.
@I [HLS-100] Command "source /mnt/cas_nfs/applications/Xilinx/Vivado_HLS/2013.4/common/technology/xilinx/zynq/zynq_fpv6.gen "
@I [HLS-100] Command "source /mnt/cas_nfs/applications/Xilinx/Vivado_HLS/2013.4/common/technology/xilinx/common/xilinx_fpv6.gen "
@I [HLS-100] Command 'ap_source' returned 0; elapsed 0Total elapsed time: 1.36 sec.
@I [HLS-100] Command 'ap_source' returned 0; elapsed 0Total elapsed time: 1.36 sec.
@I [HLS-100] Command "set_part xc7z020clg484-1 "
@I [HLS-100] Command "add_library xilinx/zynq/zynq:xc7z020:clg484:-1 "
@I [HLS-100] Command "get_default_platform "
@I [HLS-100] Command 'get_default_platform' returned 0; elapsed 0Total elapsed time: 1.38 sec.
@I [HLS-100] Command "license_exists VIVADO_HLS "
@I [HLS-100] Command 'license_exists' returned 1; elapsed 0Total elapsed time: 1.38 sec.
@I [HLS-100] Command "license_exists AUTOESL_NI "
@I [HLS-100] Command 'license_exists' returned 1; elapsed 0Total elapsed time: 1.38 sec.
@I [HLS-100] Command "license_exists HLS "
@I [HLS-100] Command 'license_exists' returned 0; elapsed 0Total elapsed time: 1.39 sec.
@I [HLS-100] Command "get_default_platform "
@I [HLS-100] Command 'get_default_platform' returned 0; elapsed 0Total elapsed time: 1.39 sec.
@I [HLS-100] Command "config_chip_info -quiet -resource  {SLICE 13300}  {LUT 53200}     {FF 106400} {DSP48E 220}   {BRAM 280}  "
@I [HLS-100] Command 'config_chip_info' returned 0; elapsed 0Total elapsed time: 1.39 sec.
@I [HLS-100] Command "config_chip_info -quiet -speed slow "
@I [HLS-100] Command 'config_chip_info' returned 0; elapsed 0Total elapsed time: 1.39 sec.
@I [HLS-100] Command 'add_library' returned 0; elapsed 0.01Total elapsed time: 1.40 sec.
@I [HLS-100] Command "add_library xilinx/zynq/zynq_fpv6 "
@I [HLS-100] Command "get_default_platform "
@I [HLS-100] Command 'get_default_platform' returned 0; elapsed 0Total elapsed time: 1.41 sec.
@I [HLS-100] Command "license_exists VIVADO_HLS "
@I [HLS-100] Command 'license_exists' returned 1; elapsed 0Total elapsed time: 1.41 sec.
@I [HLS-100] Command "license_exists AUTOESL_NI "
@I [HLS-100] Command 'license_exists' returned 1; elapsed 0Total elapsed time: 1.41 sec.
@I [HLS-100] Command "license_exists HLS "
@I [HLS-100] Command 'license_exists' returned 0; elapsed 0Total elapsed time: 1.41 sec.
@I [HLS-100] Command 'add_library' returned 0; elapsed 0Total elapsed time: 1.42 sec.
@I [HLS-10] Setting target device to 'xc7z020clg484-1'
@I [HLS-100] Command 'set_part' returned 0; elapsed 0.01Total elapsed time: 1.42 sec.
@I [HLS-100] Command "get_default_platform "
@I [HLS-100] Command 'get_default_platform' returned 0; elapsed 0Total elapsed time: 1.42 sec.
@I [HLS-100] Command "config_chip_info -quiet -resource  {SLICE 13300}  {LUT 53200}     {FF 106400} {DSP48E 220}   {BRAM 280}  "
@I [HLS-100] Command 'config_chip_info' returned 0; elapsed 0Total elapsed time: 1.42 sec.
@I [HLS-100] Command "config_chip_info -quiet -speed slow "
@I [HLS-100] Command 'config_chip_info' returned 0; elapsed 0Total elapsed time: 1.42 sec.
@I [HLS-100] Command 'open_solution' returned 0; elapsed 0.29Total elapsed time: 1.43 sec.
@I [HLS-100] Command "export_design -evaluate vhdl -format ip_catalog -description An IP which is used for hardware tasks to query the heartbeat record of applications -vendor sfleming -library HHB -version 1.0 -taxonomy /HHB "
@I [HLS-100] Command "source /home/ee/s/sf306/HeterogeneousHeartbeats/hardware/hhb_ip_repository/hhb_query/hhb_query/.autopilot/db/global.setting.tcl "
@I [HLS-100] Command 'ap_source' returned 0; elapsed 0Total elapsed time: 1.50 sec.
@I [HLS-100] Command "source /mnt/cas_nfs/applications/Xilinx/Vivado_HLS/2013.4/common/technology/generic/autopilot/common.gen "
@I [HLS-100] Command "source /mnt/cas_nfs/applications/Xilinx/Vivado_HLS/2013.4/common/technology/generic/autopilot/APCoreGen.gen "
@I [HLS-100] Command 'ap_source' returned 0; elapsed 0Total elapsed time: 1.59 sec.
@I [HLS-100] Command 'ap_source' returned 0; elapsed 0Total elapsed time: 1.59 sec.
@I [HLS-100] Command "source /mnt/cas_nfs/applications/Xilinx/Vivado_HLS/2013.4/common/technology/generic/autopilot/op.gen "
@I [HLS-100] Command 'ap_source' returned 0; elapsed 0Total elapsed time: 1.60 sec.
@I [HLS-100] Command "source /mnt/cas_nfs/applications/Xilinx/Vivado_HLS/2013.4/common/technology/generic/autopilot/op_simcore.gen "
@I [HLS-100] Command 'ap_source' returned 0; elapsed 0Total elapsed time: 1.62 sec.
@I [HLS-100] Command "source /mnt/cas_nfs/applications/Xilinx/Vivado_HLS/2013.4/common/technology/generic/autopilot/interface.gen "
@I [HLS-100] Command 'ap_source' returned 0; elapsed 0Total elapsed time: 1.62 sec.
@I [HLS-100] Command "source /home/ee/s/sf306/HeterogeneousHeartbeats/hardware/hhb_ip_repository/hhb_query/hhb_query/.autopilot/db/global.setting.tcl "
@I [HLS-100] Command 'ap_source' returned 0; elapsed 0Total elapsed time: 1.63 sec.
@I [HLS-100] Command "source /mnt/cas_nfs/applications/Xilinx/Vivado_HLS/2013.4/common/technology/xilinx/zynq/zynq.gen "
@I [HLS-100] Command "source /mnt/cas_nfs/applications/Xilinx/Vivado_HLS/2013.4/common/technology/xilinx/common/virtex.gen "
@I [HLS-100] Command "source /mnt/cas_nfs/applications/Xilinx/Vivado_HLS/2013.4/common/technology/xilinx/common/xilinx.gen "
@I [HLS-100] Command "source /mnt/cas_nfs/applications/Xilinx/Vivado_HLS/2013.4/common/technology/xilinx/interface/plb46.gen "
@I [HLS-100] Command 'ap_source' returned 0; elapsed 0Total elapsed time: 1.66 sec.
@I [HLS-100] Command "source /mnt/cas_nfs/applications/Xilinx/Vivado_HLS/2013.4/common/technology/xilinx/interface/fsl.gen "
@I [HLS-100] Command 'ap_source' returned 0; elapsed 0.01Total elapsed time: 1.67 sec.
@I [HLS-100] Command "source /mnt/cas_nfs/applications/Xilinx/Vivado_HLS/2013.4/common/technology/xilinx/interface/axi4.gen "
@I [HLS-100] Command 'ap_source' returned 0; elapsed 0Total elapsed time: 1.69 sec.
@I [HLS-100] Command "source /mnt/cas_nfs/applications/Xilinx/Vivado_HLS/2013.4/common/technology/xilinx/scripts/xilinxcoregen.gen "
@I [HLS-100] Command 'ap_source' returned 0; elapsed 0Total elapsed time: 1.78 sec.
@I [HLS-100] Command "source /mnt/cas_nfs/applications/Xilinx/Vivado_HLS/2013.4/common/technology/xilinx/interface/XilEDKCoreGen.gen "
@I [HLS-100] Command 'ap_source' returned 0; elapsed 0.01Total elapsed time: 1.88 sec.
@I [HLS-100] Command "source /mnt/cas_nfs/applications/Xilinx/Vivado_HLS/2013.4/common/technology/xilinx/ip/xfft.gen "
@I [HLS-100] Command 'ap_source' returned 0; elapsed 0.13Total elapsed time: 1.226 sec.
@I [HLS-100] Command "source /mnt/cas_nfs/applications/Xilinx/Vivado_HLS/2013.4/common/technology/xilinx/ip/util.gen "
@I [HLS-100] Command 'ap_source' returned 0; elapsed 0Total elapsed time: 1.227 sec.
@I [HLS-100] Command "source /mnt/cas_nfs/applications/Xilinx/Vivado_HLS/2013.4/common/technology/xilinx/ip/xfir.gen "
@I [HLS-100] Command 'ap_source' returned 0; elapsed 0.02Total elapsed time: 1.250 sec.
@I [HLS-100] Command 'ap_source' returned 0; elapsed 0.18Total elapsed time: 1.250 sec.
@I [HLS-100] Command "source /mnt/cas_nfs/applications/Xilinx/Vivado_HLS/2013.4/common/technology/xilinx/common/dsp48.gen "
@I [HLS-100] Command 'ap_source' returned 0; elapsed 0Total elapsed time: 1.251 sec.
@I [HLS-100] Command 'ap_source' returned 0; elapsed 0.19Total elapsed time: 1.252 sec.
@I [HLS-100] Command 'ap_source' returned 0; elapsed 0.19Total elapsed time: 1.252 sec.
@I [HLS-100] Command "source /mnt/cas_nfs/applications/Xilinx/Vivado_HLS/2013.4/common/technology/xilinx/zynq/zynq_fpv6.gen "
@I [HLS-100] Command "source /mnt/cas_nfs/applications/Xilinx/Vivado_HLS/2013.4/common/technology/xilinx/common/xilinx_fpv6.gen "
@I [HLS-100] Command 'ap_source' returned 0; elapsed 0Total elapsed time: 1.254 sec.
@I [HLS-100] Command 'ap_source' returned 0; elapsed 0Total elapsed time: 1.254 sec.
@I [HLS-100] Command "source /home/ee/s/sf306/HeterogeneousHeartbeats/hardware/hhb_ip_repository/hhb_query/hhb_query/.autopilot/db/global.setting.tcl "
@I [HLS-100] Command 'ap_source' returned 0; elapsed 0Total elapsed time: 1.254 sec.
@I [IMPL-8] Exporting RTL as an IP in IP-XACT.
@I [HLS-100] Command "source /home/ee/s/sf306/HeterogeneousHeartbeats/hardware/hhb_ip_repository/hhb_query/hhb_query/.autopilot/db/global.setting.tcl "
@I [HLS-100] Command 'ap_source' returned 0; elapsed 0Total elapsed time: 1.255 sec.
@I [HLS-100] Command "source /home/ee/s/sf306/HeterogeneousHeartbeats/hardware/hhb_ip_repository/hhb_query/hhb_query/.autopilot/db/global.setting.tcl "
@I [HLS-100] Command 'ap_source' returned 0; elapsed 0Total elapsed time: 1.259 sec.
@I [HLS-100] Command "source /mnt/cas_nfs/applications/Xilinx/Vivado_HLS/2013.4/common/technology/generic/autopilot/common.gen "
@I [HLS-100] Command "source /mnt/cas_nfs/applications/Xilinx/Vivado_HLS/2013.4/common/technology/generic/autopilot/APCoreGen.gen "
@I [HLS-100] Command 'ap_source' returned 0; elapsed 0Total elapsed time: 1.260 sec.
@I [HLS-100] Command 'ap_source' returned 0; elapsed 0Total elapsed time: 1.261 sec.
@I [HLS-100] Command "source /mnt/cas_nfs/applications/Xilinx/Vivado_HLS/2013.4/common/technology/generic/autopilot/op.gen "
@I [HLS-100] Command 'ap_source' returned 0; elapsed 0.01Total elapsed time: 1.262 sec.
@I [HLS-100] Command "source /mnt/cas_nfs/applications/Xilinx/Vivado_HLS/2013.4/common/technology/generic/autopilot/op_simcore.gen "
@I [HLS-100] Command 'ap_source' returned 0; elapsed 0Total elapsed time: 1.263 sec.
@I [HLS-100] Command "source /mnt/cas_nfs/applications/Xilinx/Vivado_HLS/2013.4/common/technology/generic/autopilot/interface.gen "
@I [HLS-100] Command 'ap_source' returned 0; elapsed 0Total elapsed time: 1.264 sec.
@I [HLS-100] Command "source /home/ee/s/sf306/HeterogeneousHeartbeats/hardware/hhb_ip_repository/hhb_query/hhb_query/.autopilot/db/global.setting.tcl "
@I [HLS-100] Command 'ap_source' returned 0; elapsed 0Total elapsed time: 1.264 sec.
@I [HLS-100] Command "source /mnt/cas_nfs/applications/Xilinx/Vivado_HLS/2013.4/common/technology/xilinx/zynq/zynq.gen "
@I [HLS-100] Command "source /mnt/cas_nfs/applications/Xilinx/Vivado_HLS/2013.4/common/technology/xilinx/common/virtex.gen "
@I [HLS-100] Command "source /mnt/cas_nfs/applications/Xilinx/Vivado_HLS/2013.4/common/technology/xilinx/common/xilinx.gen "
@I [HLS-100] Command "source /mnt/cas_nfs/applications/Xilinx/Vivado_HLS/2013.4/common/technology/xilinx/interface/plb46.gen "
@I [HLS-100] Command 'ap_source' returned 0; elapsed 0Total elapsed time: 1.268 sec.
@I [HLS-100] Command "source /mnt/cas_nfs/applications/Xilinx/Vivado_HLS/2013.4/common/technology/xilinx/interface/fsl.gen "
@I [HLS-100] Command 'ap_source' returned 0; elapsed 0Total elapsed time: 1.268 sec.
@I [HLS-100] Command "source /mnt/cas_nfs/applications/Xilinx/Vivado_HLS/2013.4/common/technology/xilinx/interface/axi4.gen "
@I [HLS-100] Command 'ap_source' returned 0; elapsed 0Total elapsed time: 1.271 sec.
@I [HLS-100] Command "source /mnt/cas_nfs/applications/Xilinx/Vivado_HLS/2013.4/common/technology/xilinx/scripts/xilinxcoregen.gen "
@I [HLS-100] Command 'ap_source' returned 0; elapsed 0Total elapsed time: 1.278 sec.
@I [HLS-100] Command "source /mnt/cas_nfs/applications/Xilinx/Vivado_HLS/2013.4/common/technology/xilinx/interface/XilEDKCoreGen.gen "
@I [HLS-100] Command 'ap_source' returned 0; elapsed 0.01Total elapsed time: 1.285 sec.
@I [HLS-100] Command "source /mnt/cas_nfs/applications/Xilinx/Vivado_HLS/2013.4/common/technology/xilinx/ip/xfft.gen "
@I [HLS-100] Command 'ap_source' returned 0; elapsed 0.11Total elapsed time: 1.401 sec.
@I [HLS-100] Command "source /mnt/cas_nfs/applications/Xilinx/Vivado_HLS/2013.4/common/technology/xilinx/ip/util.gen "
@I [HLS-100] Command 'ap_source' returned 0; elapsed 0Total elapsed time: 1.402 sec.
@I [HLS-100] Command "source /mnt/cas_nfs/applications/Xilinx/Vivado_HLS/2013.4/common/technology/xilinx/ip/xfir.gen "
@I [HLS-100] Command 'ap_source' returned 0; elapsed 0.02Total elapsed time: 1.423 sec.
@I [HLS-100] Command 'ap_source' returned 0; elapsed 0.15Total elapsed time: 1.423 sec.
@I [HLS-100] Command "source /mnt/cas_nfs/applications/Xilinx/Vivado_HLS/2013.4/common/technology/xilinx/common/dsp48.gen "
@I [HLS-100] Command 'ap_source' returned 0; elapsed 0Total elapsed time: 1.425 sec.
@I [HLS-100] Command 'ap_source' returned 0; elapsed 0.15Total elapsed time: 1.425 sec.
@I [HLS-100] Command 'ap_source' returned 0; elapsed 0.15Total elapsed time: 1.425 sec.
@I [HLS-100] Command "source /mnt/cas_nfs/applications/Xilinx/Vivado_HLS/2013.4/common/technology/xilinx/zynq/zynq_fpv6.gen "
@I [HLS-100] Command "source /mnt/cas_nfs/applications/Xilinx/Vivado_HLS/2013.4/common/technology/xilinx/common/xilinx_fpv6.gen "
@I [HLS-100] Command 'ap_source' returned 0; elapsed 0Total elapsed time: 1.427 sec.
@I [HLS-100] Command 'ap_source' returned 0; elapsed 0Total elapsed time: 1.427 sec.
@I [HLS-100] Command "source /home/ee/s/sf306/HeterogeneousHeartbeats/hardware/hhb_ip_repository/hhb_query/hhb_query/.autopilot/db/hhb_query.compgen.tcl "
@I [HLS-100] Command 'ap_source' returned 0; elapsed 0Total elapsed time: 1.428 sec.
@I [HLS-100] Command "source /home/ee/s/sf306/HeterogeneousHeartbeats/hardware/hhb_ip_repository/hhb_query/hhb_query/.autopilot/db/hhb_query.compgen.tcl "
@I [HLS-100] Command "source /home/ee/s/sf306/HeterogeneousHeartbeats/hardware/hhb_ip_repository/hhb_query/hhb_query/.autopilot/db/hhb_query.rtl_wrap.cfg.tcl "
@I [HLS-100] Command 'ap_source' returned 0; elapsed 0Total elapsed time: 1.430 sec.
@I [HLS-100] Command "source /home/ee/s/sf306/HeterogeneousHeartbeats/hardware/hhb_ip_repository/hhb_query/hhb_query/.autopilot/db/hhb_query.rtl_wrap.cfg.tcl "
@I [HLS-100] Command 'ap_source' returned 0; elapsed 0Total elapsed time: 1.430 sec.
@I [HLS-100] Command "source /home/ee/s/sf306/HeterogeneousHeartbeats/hardware/hhb_ip_repository/hhb_query/hhb_query/.autopilot/db/hhb_query.tbgen.tcl "
@I [HLS-100] Command 'ap_source' returned 0; elapsed 0Total elapsed time: 1.430 sec.
@I [HLS-100] Command "source /home/ee/s/sf306/HeterogeneousHeartbeats/hardware/hhb_ip_repository/hhb_query/hhb_query/.autopilot/db/hhb_query.tbgen.tcl "
@I [HLS-100] Command 'ap_source' returned 0; elapsed 0Total elapsed time: 1.431 sec.
@I [HLS-100] Command 'ap_source' returned 0; elapsed 0.03Total elapsed time: 1.457 sec.
@I [HLS-100] Command "source /home/ee/s/sf306/HeterogeneousHeartbeats/hardware/hhb_ip_repository/hhb_query/hhb_query/.autopilot/db/hhb_query.compgen.tcl "
@I [HLS-100] Command 'ap_source' returned 0; elapsed 0Total elapsed time: 1.471 sec.
@I [HLS-100] Command "source /home/ee/s/sf306/HeterogeneousHeartbeats/hardware/hhb_ip_repository/hhb_query/hhb_query/impl/.pcores/verilog/BUS_A.slave.tcl "
@I [HLS-100] Command 'ap_source' returned 0; elapsed 0Total elapsed time: 1.478 sec.
@I [HLS-100] Command "source /home/ee/s/sf306/HeterogeneousHeartbeats/hardware/hhb_ip_repository/hhb_query/hhb_query/impl/.pcores/verilog/BUS_A.slave.tcl "
@I [HLS-100] Command 'ap_source' returned 0; elapsed 0Total elapsed time: 1.482 sec.
@I [HLS-100] Command "source /home/ee/s/sf306/HeterogeneousHeartbeats/hardware/hhb_ip_repository/hhb_query/hhb_query/.autopilot/db/global.setting.tcl "
@I [HLS-100] Command 'ap_source' returned 0; elapsed 0Total elapsed time: 1.499 sec.
@I [HLS-100] Command "source /home/ee/s/sf306/HeterogeneousHeartbeats/hardware/hhb_ip_repository/hhb_query/hhb_query/.autopilot/db/hhb_query.constraint.tcl "
@I [HLS-100] Command 'ap_source' returned 0; elapsed 0.01Total elapsed time: 1.500 sec.
@I [HLS-100] Command "source /home/ee/s/sf306/HeterogeneousHeartbeats/hardware/hhb_ip_repository/hhb_query/hhb_query/.autopilot/db/hhb_query.rtl_wrap.cfg.tcl "
@I [HLS-100] Command 'ap_source' returned 0; elapsed 0Total elapsed time: 1.507 sec.
@I [HLS-100] Command "source /home/ee/s/sf306/HeterogeneousHeartbeats/hardware/hhb_ip_repository/hhb_query/hhb_query/.autopilot/db/hhb_query.rtl_wrap.cfg.tcl "
@I [HLS-100] Command 'ap_source' returned 0; elapsed 0Total elapsed time: 1.507 sec.
@I [HLS-100] Command "source /home/ee/s/sf306/HeterogeneousHeartbeats/hardware/hhb_ip_repository/hhb_query/hhb_query/.autopilot/db/hhb_query.tbgen.tcl "
@I [HLS-100] Command 'ap_source' returned 0; elapsed 0Total elapsed time: 1.507 sec.
@I [HLS-100] Command "source /home/ee/s/sf306/HeterogeneousHeartbeats/hardware/hhb_ip_repository/hhb_query/hhb_query/.autopilot/db/hhb_query.tbgen.tcl "
@I [HLS-100] Command 'ap_source' returned 0; elapsed 0Total elapsed time: 1.507 sec.
@I [HLS-100] Command "source /home/ee/s/sf306/HeterogeneousHeartbeats/hardware/hhb_ip_repository/hhb_query/hhb_query/.autopilot/db/global.setting.tcl "
@I [HLS-100] Command 'ap_source' returned 0; elapsed 0Total elapsed time: 1.528 sec.
@I [HLS-100] Command "source /home/ee/s/sf306/HeterogeneousHeartbeats/hardware/hhb_ip_repository/hhb_query/hhb_query/.autopilot/db/global.setting.tcl "
@I [HLS-100] Command 'ap_source' returned 0; elapsed 0Total elapsed time: 1.536 sec.
@I [HLS-100] Command "source /home/ee/s/sf306/HeterogeneousHeartbeats/hardware/hhb_ip_repository/hhb_query/hhb_query/.autopilot/db/hhb_query.constraint.tcl "
@I [HLS-100] Command 'ap_source' returned 0; elapsed 0Total elapsed time: 1.536 sec.
@I [HLS-100] Command "source /home/ee/s/sf306/HeterogeneousHeartbeats/hardware/hhb_ip_repository/hhb_query/hhb_query/.autopilot/db/hhb_query.constraint.tcl "
@I [HLS-100] Command 'ap_source' returned 0; elapsed 0Total elapsed time: 1.537 sec.
@I [HLS-100] Command "source /mnt/cas_nfs/applications/Xilinx/Vivado_HLS/2013.4/common/technology/generic/autopilot/common.gen "
@I [HLS-100] Command "source /mnt/cas_nfs/applications/Xilinx/Vivado_HLS/2013.4/common/technology/generic/autopilot/APCoreGen.gen "
@I [HLS-100] Command 'ap_source' returned 0; elapsed 0.01Total elapsed time: 1.540 sec.
@I [HLS-100] Command 'ap_source' returned 0; elapsed 0.01Total elapsed time: 1.540 sec.
@I [HLS-100] Command "source /mnt/cas_nfs/applications/Xilinx/Vivado_HLS/2013.4/common/technology/generic/autopilot/op.gen "
@I [HLS-100] Command 'ap_source' returned 0; elapsed 0Total elapsed time: 1.541 sec.
@I [HLS-100] Command "source /mnt/cas_nfs/applications/Xilinx/Vivado_HLS/2013.4/common/technology/generic/autopilot/op_simcore.gen "
@I [HLS-100] Command 'ap_source' returned 0; elapsed 0Total elapsed time: 1.543 sec.
@I [HLS-100] Command "source /mnt/cas_nfs/applications/Xilinx/Vivado_HLS/2013.4/common/technology/generic/autopilot/interface.gen "
@I [HLS-100] Command 'ap_source' returned 0; elapsed 0Total elapsed time: 1.543 sec.
@I [HLS-100] Command "source /home/ee/s/sf306/HeterogeneousHeartbeats/hardware/hhb_ip_repository/hhb_query/hhb_query/.autopilot/db/global.setting.tcl "
@I [HLS-100] Command 'ap_source' returned 0; elapsed 0Total elapsed time: 1.543 sec.
@I [HLS-100] Command "source /mnt/cas_nfs/applications/Xilinx/Vivado_HLS/2013.4/common/technology/xilinx/zynq/zynq.gen "
@I [HLS-100] Command "source /mnt/cas_nfs/applications/Xilinx/Vivado_HLS/2013.4/common/technology/xilinx/common/virtex.gen "
@I [HLS-100] Command "source /mnt/cas_nfs/applications/Xilinx/Vivado_HLS/2013.4/common/technology/xilinx/common/xilinx.gen "
@I [HLS-100] Command "source /mnt/cas_nfs/applications/Xilinx/Vivado_HLS/2013.4/common/technology/xilinx/interface/plb46.gen "
@I [HLS-100] Command 'ap_source' returned 0; elapsed 0Total elapsed time: 1.546 sec.
@I [HLS-100] Command "source /mnt/cas_nfs/applications/Xilinx/Vivado_HLS/2013.4/common/technology/xilinx/interface/fsl.gen "
@I [HLS-100] Command 'ap_source' returned 0; elapsed 0Total elapsed time: 1.547 sec.
@I [HLS-100] Command "source /mnt/cas_nfs/applications/Xilinx/Vivado_HLS/2013.4/common/technology/xilinx/interface/axi4.gen "
@I [HLS-100] Command 'ap_source' returned 0; elapsed 0Total elapsed time: 1.550 sec.
@I [HLS-100] Command "source /mnt/cas_nfs/applications/Xilinx/Vivado_HLS/2013.4/common/technology/xilinx/scripts/xilinxcoregen.gen "
@I [HLS-100] Command 'ap_source' returned 0; elapsed 0Total elapsed time: 1.557 sec.
@I [HLS-100] Command "source /mnt/cas_nfs/applications/Xilinx/Vivado_HLS/2013.4/common/technology/xilinx/interface/XilEDKCoreGen.gen "
@I [HLS-100] Command 'ap_source' returned 0; elapsed 0.01Total elapsed time: 1.565 sec.
@I [HLS-100] Command "source /mnt/cas_nfs/applications/Xilinx/Vivado_HLS/2013.4/common/technology/xilinx/ip/xfft.gen "
@I [HLS-100] Command 'ap_source' returned 0; elapsed 0.12Total elapsed time: 1.681 sec.
@I [HLS-100] Command "source /mnt/cas_nfs/applications/Xilinx/Vivado_HLS/2013.4/common/technology/xilinx/ip/util.gen "
@I [HLS-100] Command 'ap_source' returned 0; elapsed 0Total elapsed time: 1.682 sec.
@I [HLS-100] Command "source /mnt/cas_nfs/applications/Xilinx/Vivado_HLS/2013.4/common/technology/xilinx/ip/xfir.gen "
@I [HLS-100] Command 'ap_source' returned 0; elapsed 0.02Total elapsed time: 1.704 sec.
@I [HLS-100] Command 'ap_source' returned 0; elapsed 0.16Total elapsed time: 1.705 sec.
@I [HLS-100] Command "source /mnt/cas_nfs/applications/Xilinx/Vivado_HLS/2013.4/common/technology/xilinx/common/dsp48.gen "
@I [HLS-100] Command 'ap_source' returned 0; elapsed 0Total elapsed time: 1.706 sec.
@I [HLS-100] Command 'ap_source' returned 0; elapsed 0.16Total elapsed time: 1.706 sec.
@I [HLS-100] Command 'ap_source' returned 0; elapsed 0.16Total elapsed time: 1.706 sec.
@I [HLS-100] Command "source /mnt/cas_nfs/applications/Xilinx/Vivado_HLS/2013.4/common/technology/xilinx/zynq/zynq_fpv6.gen "
@I [HLS-100] Command "source /mnt/cas_nfs/applications/Xilinx/Vivado_HLS/2013.4/common/technology/xilinx/common/xilinx_fpv6.gen "
@I [HLS-100] Command 'ap_source' returned 0; elapsed 0Total elapsed time: 1.708 sec.
@I [HLS-100] Command 'ap_source' returned 0; elapsed 0Total elapsed time: 1.708 sec.
@E [IMPL-28] Failed to generate IP.
@I [HLS-100] Command 'export_design' returned 2; elapsed 0.64Total elapsed time: 9.462 sec.
@I [HLS-100] Command "cleanup_all "
@I [HLS-100] Command 'cleanup_all' returned 0; elapsed 0Total elapsed time: 9.462 sec.
