

================================================================
== Vivado HLS Report for 'hhb_query'
================================================================
* Date:           Wed Apr 16 11:06:58 2014

* Version:        2013.4 (build date: Mon Dec 09 17:07:59 PM 2013)
* Project:        hhb_query
* Solution:       hhb_query
* Product family: zynq zynq_fpv6 
* Target device:  xc7z020clg484-1


================================================================
== Performance Estimates
================================================================
+ Timing (ns): 
    * Summary: 
    +---------+-------+----------+------------+
    |  Clock  | Target| Estimated| Uncertainty|
    +---------+-------+----------+------------+
    |default  |  10.00|      8.75|        1.25|
    +---------+-------+----------+------------+

+ Latency (clock cycles): 
    * Summary: 
    +-----+-----+-----+-----+---------+
    |  Latency  |  Interval | Pipeline|
    | min | max | min | max |   Type  |
    +-----+-----+-----+-----+---------+
    |   10|   10|   11|   11|   none  |
    +-----+-----+-----+-----+---------+

    + Detail: 
        * Instance: 
        N/A

        * Loop: 
        +----------+-----+-----+----------+-----------+-----------+------+----------+
        |          |  Latency  | Iteration|  Initiation Interval  | Trip |          |
        | Loop Name| min | max |  Latency |  achieved |   target  | Count| Pipelined|
        +----------+-----+-----+----------+-----------+-----------+------+----------+
        |- Loop 1  |    6|    6|         7|          1|          1|     1|    yes   |
        +----------+-----+-----+----------+-----------+-----------+------+----------+



================================================================
== Utilization Estimates
================================================================
* Summary: 
+-----------------+---------+-------+--------+-------+
|       Name      | BRAM_18K| DSP48E|   FF   |  LUT  |
+-----------------+---------+-------+--------+-------+
|Expression       |        -|      -|       -|      -|
|FIFO             |        -|      -|       -|      -|
|Instance         |        -|      -|       -|      -|
|Memory           |        -|      -|       -|      -|
|Multiplexer      |        -|      -|       -|      -|
|Register         |        -|      -|       -|      -|
|ShiftMemory      |        -|      -|       -|      -|
+-----------------+---------+-------+--------+-------+
|Total            |        0|      0|       0|      0|
+-----------------+---------+-------+--------+-------+
|Available        |      280|    220|  106400|  53200|
+-----------------+---------+-------+--------+-------+
|Utilization (%)  |        0|      0|       0|      0|
+-----------------+---------+-------+--------+-------+

+ Detail: 
    * Instance: 
    N/A

    * Memory: 
    N/A

    * FIFO: 
    N/A

    * Shift register: 
    N/A

    * Expression: 
    N/A

    * Multiplexer: 
    N/A

    * Register: 
    N/A



================================================================
== Interface
================================================================
* Summary: 
N/A

============================================================
+ Verbose Summary: Synthesis Manager
============================================================
InlineROM: 1
ExposeGlobal: 0
============================================================
+ Verbose Summary: CDFG Model
============================================================
IsTopModel: 1
ResetActiveHigh: 1
IsCombinational: 0
IsDatapathOnly: 0
HasWiredReturn: 1
HasMFsm: 0
HasVarLatency: 1
IsPipeline: 0
IsRtlPipelined: 0
IsInstanceOverlapped: 0
IsDontTouch: 0
HasImplIP: 0
IsGatedGlobalClock: 0

+ Individual pipeline summary: 
  * Pipeline-0: initiation interval (II) = 1, depth = 7


============================================================
+ Verbose Summary: Schedule
============================================================
* Number of FSM states: 11
* Pipeline: 1
  Pipeline-0: II = 1, D = 7, States = { 3 4 5 6 7 8 9 }
* Dataflow Pipeline: 0

* FSM state transitions: 
1 --> 
	2  / true
2 --> 
	3  / true
3 --> 
	10  / (indvar)
	4  / (!indvar)
4 --> 
	5  / true
5 --> 
	6  / true
6 --> 
	7  / true
7 --> 
	8  / true
8 --> 
	9  / true
9 --> 
	3  / true
10 --> 
	11  / true
11 --> 
* FSM state operations: 

 <State 1>: 0.00ns
ST_1: heartbeat_record_phys_addr_read [2/2] 0.00ns
:5  %heartbeat_record_phys_addr_read = call i32 @_ssdm_op_Read.ap_none.i32(i32 %heartbeat_record_phys_addr) nounwind

ST_1: stg_13 [2/2] 0.00ns
:13  call void @_ssdm_op_Write.ap_none.i32P(i32* %status, i32 0) nounwind


 <State 2>: 1.30ns
ST_2: stg_14 [1/1] 0.00ns
:0  call void (...)* @_ssdm_op_SpecBitsMap(i32* %a) nounwind, !map !0

ST_2: stg_15 [1/1] 0.00ns
:1  call void (...)* @_ssdm_op_SpecBitsMap(i32 %heartbeat_record_phys_addr) nounwind, !map !6

ST_2: stg_16 [1/1] 0.00ns
:2  call void (...)* @_ssdm_op_SpecBitsMap(i32* %current_heartbeat) nounwind, !map !12

ST_2: stg_17 [1/1] 0.00ns
:3  call void (...)* @_ssdm_op_SpecBitsMap(i32* %status) nounwind, !map !16

ST_2: stg_18 [1/1] 0.00ns
:4  call void (...)* @_ssdm_op_SpecTopModule([10 x i8]* @str) nounwind

ST_2: heartbeat_record_phys_addr_read [1/2] 0.00ns
:5  %heartbeat_record_phys_addr_read = call i32 @_ssdm_op_Read.ap_none.i32(i32 %heartbeat_record_phys_addr) nounwind

ST_2: stg_20 [1/1] 0.00ns
:6  call void (...)* @_ssdm_op_SpecBus(i32* %a, [7 x i8]* @p_str, i32 0, i32 0, i32 0, [1 x i8]* @p_str1) nounwind

ST_2: stg_21 [1/1] 0.00ns
:7  call void (...)* @_ssdm_op_SpecIFCore(i32* %a, [1 x i8]* @p_str1, [6 x i8]* @p_str2, [1 x i8]* @p_str1, [1 x i8]* @p_str1, [1 x i8]* @p_str1, [1 x i8]* @p_str1) nounwind

ST_2: stg_22 [1/1] 0.00ns
:8  call void (...)* @_ssdm_op_SpecIFCore(i32 0, [1 x i8]* @p_str1, [10 x i8]* @p_str3, [1 x i8]* @p_str1, [1 x i8]* @p_str1, [1 x i8]* @p_str1, [18 x i8]* @p_str4) nounwind

ST_2: stg_23 [1/1] 0.00ns
:9  call void (...)* @_ssdm_op_SpecWire(i32 %heartbeat_record_phys_addr, [8 x i8]* @p_str5, i32 1, i32 1, i32 0, [1 x i8]* @p_str1) nounwind

ST_2: stg_24 [1/1] 0.00ns
:10  call void (...)* @_ssdm_op_SpecIFCore(i32 %heartbeat_record_phys_addr, [1 x i8]* @p_str1, [10 x i8]* @p_str3, [1 x i8]* @p_str1, [1 x i8]* @p_str1, [1 x i8]* @p_str1, [18 x i8]* @p_str4) nounwind

ST_2: stg_25 [1/1] 0.00ns
:11  call void (...)* @_ssdm_op_SpecWire(i32* %current_heartbeat, [8 x i8]* @p_str5, i32 1, i32 1, i32 0, [1 x i8]* @p_str1) nounwind

ST_2: stg_26 [1/1] 0.00ns
:12  call void (...)* @_ssdm_op_SpecWire(i32* %status, [8 x i8]* @p_str5, i32 1, i32 1, i32 0, [1 x i8]* @p_str1) nounwind

ST_2: stg_27 [1/2] 0.00ns
:13  call void @_ssdm_op_Write.ap_none.i32P(i32* %status, i32 0) nounwind

ST_2: stg_28 [1/1] 0.00ns
:14  call void (...)* @_ssdm_op_SpecIFCore(i32* %status, [1 x i8]* @p_str1, [10 x i8]* @p_str3, [1 x i8]* @p_str1, [1 x i8]* @p_str1, [1 x i8]* @p_str1, [18 x i8]* @p_str4) nounwind

ST_2: tmp_1 [1/1] 0.00ns
:15  %tmp_1 = call i30 @_ssdm_op_PartSelect.i30.i32.i32.i32(i32 %heartbeat_record_phys_addr_read, i32 2, i32 31)

ST_2: tmp_2 [1/1] 0.00ns
:16  %tmp_2 = zext i30 %tmp_1 to i64

ST_2: a_addr [1/1] 0.00ns
:17  %a_addr = getelementptr inbounds i32* %a, i64 %tmp_2

ST_2: stg_32 [1/1] 1.30ns
:18  br label %burst.rd.header


 <State 3>: 0.00ns
ST_3: buff_0_s [1/1] 0.00ns
burst.rd.header:0  %buff_0_s = phi i32 [ undef, %0 ], [ %buff_0, %burst.rd.body1 ]

ST_3: indvar [1/1] 0.00ns
burst.rd.header:1  %indvar = phi i1 [ false, %0 ], [ true, %burst.rd.body1 ]

ST_3: stg_35 [1/1] 0.00ns
burst.rd.header:2  br i1 %indvar, label %burst.rd.end, label %burst.rd.body1

ST_3: stg_36 [1/1] 0.00ns
burst.rd.body1:6  br label %burst.rd.header


 <State 4>: 8.75ns
ST_4: a_addr_req [5/5] 8.75ns
burst.rd.body1:3  %a_addr_req = call i1 @_ssdm_op_ReadReq.ap_bus.i32P(i32* %a_addr, i32 1) nounwind


 <State 5>: 8.75ns
ST_5: a_addr_req [4/5] 8.75ns
burst.rd.body1:3  %a_addr_req = call i1 @_ssdm_op_ReadReq.ap_bus.i32P(i32* %a_addr, i32 1) nounwind


 <State 6>: 8.75ns
ST_6: a_addr_req [3/5] 8.75ns
burst.rd.body1:3  %a_addr_req = call i1 @_ssdm_op_ReadReq.ap_bus.i32P(i32* %a_addr, i32 1) nounwind


 <State 7>: 8.75ns
ST_7: a_addr_req [2/5] 8.75ns
burst.rd.body1:3  %a_addr_req = call i1 @_ssdm_op_ReadReq.ap_bus.i32P(i32* %a_addr, i32 1) nounwind


 <State 8>: 8.75ns
ST_8: a_addr_req [1/5] 8.75ns
burst.rd.body1:3  %a_addr_req = call i1 @_ssdm_op_ReadReq.ap_bus.i32P(i32* %a_addr, i32 1) nounwind


 <State 9>: 8.75ns
ST_9: empty [1/1] 0.00ns
burst.rd.body1:0  %empty = call i32 (...)* @_ssdm_op_SpecLoopTripCount(i64 1, i64 1, i64 1) nounwind

ST_9: burstread_rbegin [1/1] 0.00ns
burst.rd.body1:1  %burstread_rbegin = call i32 (...)* @_ssdm_op_SpecRegionBegin([17 x i8]* @p_str8) nounwind

ST_9: empty_4 [1/1] 0.00ns
burst.rd.body1:2  %empty_4 = call i32 (...)* @_ssdm_op_SpecPipeline(i32 1, i32 1, i32 1, [1 x i8]* @str7) nounwind

ST_9: buff_0 [1/1] 8.75ns
burst.rd.body1:4  %buff_0 = call i32 @_ssdm_op_Read.ap_bus.i32P(i32* %a_addr) nounwind

ST_9: burstread_rend [1/1] 0.00ns
burst.rd.body1:5  %burstread_rend = call i32 (...)* @_ssdm_op_SpecRegionEnd([17 x i8]* @p_str8, i32 %burstread_rbegin) nounwind


 <State 10>: 0.00ns
ST_10: stg_47 [2/2] 0.00ns
burst.rd.end:0  call void @_ssdm_op_Write.ap_none.i32P(i32* %current_heartbeat, i32 %buff_0_s) nounwind

ST_10: stg_48 [2/2] 0.00ns
burst.rd.end:2  call void @_ssdm_op_Write.ap_none.i32P(i32* %status, i32 1) nounwind


 <State 11>: 0.00ns
ST_11: stg_49 [1/2] 0.00ns
burst.rd.end:0  call void @_ssdm_op_Write.ap_none.i32P(i32* %current_heartbeat, i32 %buff_0_s) nounwind

ST_11: stg_50 [1/1] 0.00ns
burst.rd.end:1  call void (...)* @_ssdm_op_SpecIFCore(i32* %current_heartbeat, [1 x i8]* @p_str1, [10 x i8]* @p_str3, [1 x i8]* @p_str1, [1 x i8]* @p_str1, [1 x i8]* @p_str1, [18 x i8]* @p_str4) nounwind

ST_11: stg_51 [1/2] 0.00ns
burst.rd.end:2  call void @_ssdm_op_Write.ap_none.i32P(i32* %status, i32 1) nounwind

ST_11: stg_52 [1/1] 0.00ns
burst.rd.end:3  ret void



============================================================
+ Verbose Summary: Binding
============================================================
STG Binding: 
---------------- STG Properties BEGIN ----------------
- Is combinational: 0
- Is one-state seq: 0
- Is datapath-only: 0
- Is clock enabled: 0
- Is pipelined: 0
- Is top level: 1
Port [ Return ] is wired: 1; IO mode=ap_ctrl_hs:ce=0
Port [ a]:  wired=1; compound=1; hidden=0; nouse=0; global=0; static=0; extern=0; dir=0; type=4; mode=0x3f8e0c0; pingpong=0; private_global=0; IO mode=ap_bus:ce=0
Port [ heartbeat_record_phys_addr]:  wired=1; compound=0; hidden=0; nouse=0; global=0; static=0; extern=0; dir=0; type=0; mode=0x29ca010; pingpong=0; private_global=0; IO mode=ap_none:ce=0
Port [ current_heartbeat]:  wired=1; compound=0; hidden=0; nouse=0; global=0; static=0; extern=0; dir=1; type=0; mode=0x26c9a90; pingpong=0; private_global=0; IO mode=ap_none:ce=0
Port [ status]:  wired=1; compound=0; hidden=0; nouse=0; global=0; static=0; extern=0; dir=1; type=0; mode=0x3efdbd0; pingpong=0; private_global=0; IO mode=ap_none:ce=0
---------------- STG Properties END ------------------

---------------- Datapath Model BEGIN ----------------

<LifeTime>
<method=bitvector/>
stg_14                          (specbitsmap      ) [ 000000000000]
stg_15                          (specbitsmap      ) [ 000000000000]
stg_16                          (specbitsmap      ) [ 000000000000]
stg_17                          (specbitsmap      ) [ 000000000000]
stg_18                          (spectopmodule    ) [ 000000000000]
heartbeat_record_phys_addr_read (read             ) [ 000000000000]
stg_20                          (specbus          ) [ 000000000000]
stg_21                          (specifcore       ) [ 000000000000]
stg_22                          (specifcore       ) [ 000000000000]
stg_23                          (specwire         ) [ 000000000000]
stg_24                          (specifcore       ) [ 000000000000]
stg_25                          (specwire         ) [ 000000000000]
stg_26                          (specwire         ) [ 000000000000]
stg_27                          (write            ) [ 000000000000]
stg_28                          (specifcore       ) [ 000000000000]
tmp_1                           (partselect       ) [ 000000000000]
tmp_2                           (zext             ) [ 000000000000]
a_addr                          (getelementptr    ) [ 000111111100]
stg_32                          (br               ) [ 001111111100]
buff_0_s                        (phi              ) [ 000100000011]
indvar                          (phi              ) [ 000111111100]
stg_35                          (br               ) [ 000000000000]
stg_36                          (br               ) [ 001111111100]
a_addr_req                      (readreq          ) [ 000000000000]
empty                           (speclooptripcount) [ 000000000000]
burstread_rbegin                (specregionbegin  ) [ 000000000000]
empty_4                         (specpipeline     ) [ 000000000000]
buff_0                          (read             ) [ 001100000000]
burstread_rend                  (specregionend    ) [ 000000000000]
stg_49                          (write            ) [ 000000000000]
stg_50                          (specifcore       ) [ 000000000000]
stg_51                          (write            ) [ 000000000000]
stg_52                          (ret              ) [ 000000000000]
</LifeTime>

<model>

<comp_list>
<comp id="0" class="1000" name="a">
<pin_list>
<pin id="1" dir="1" index="0" bw="1" slack="0"/>
</pin_list>
<bind>
<StgValue><ssdm name="a"/></StgValue>
</bind>
</comp>

<comp id="2" class="1000" name="heartbeat_record_phys_addr">
<pin_list>
<pin id="3" dir="1" index="0" bw="1" slack="0"/>
</pin_list>
<bind>
<StgValue><ssdm name="heartbeat_record_phys_addr"/></StgValue>
</bind>
</comp>

<comp id="4" class="1000" name="current_heartbeat">
<pin_list>
<pin id="5" dir="1" index="0" bw="1" slack="0"/>
</pin_list>
<bind>
<StgValue><ssdm name="current_heartbeat"/></StgValue>
</bind>
</comp>

<comp id="6" class="1000" name="status">
<pin_list>
<pin id="7" dir="1" index="0" bw="1" slack="0"/>
</pin_list>
<bind>
<StgValue><ssdm name="status"/></StgValue>
</bind>
</comp>

<comp id="8" class="1001" name="const_8">
<pin_list>
<pin id="9" dir="1" index="0" bw="1" slack="0"/>
</pin_list>
<bind>
<StgValue><ssdm name="_ssdm_op_Read.ap_none.i32"/></StgValue>
</bind>
</comp>

<comp id="10" class="1001" name="const_10">
<pin_list>
<pin id="11" dir="1" index="0" bw="1" slack="0"/>
</pin_list>
<bind>
<StgValue><ssdm name="_ssdm_op_Write.ap_none.i32P"/></StgValue>
</bind>
</comp>

<comp id="12" class="1001" name="const_12">
<pin_list>
<pin id="13" dir="1" index="0" bw="1" slack="0"/>
</pin_list>
<bind>
<StgValue><ssdm name=""/></StgValue>
</bind>
</comp>

<comp id="14" class="1001" name="const_14">
<pin_list>
<pin id="15" dir="1" index="0" bw="1" slack="2147483647"/>
</pin_list>
<bind>
<StgValue><ssdm name="_ssdm_op_SpecBitsMap"/></StgValue>
</bind>
</comp>

<comp id="16" class="1001" name="const_16">
<pin_list>
<pin id="17" dir="1" index="0" bw="1" slack="2147483647"/>
</pin_list>
<bind>
<StgValue><ssdm name="_ssdm_op_SpecTopModule"/></StgValue>
</bind>
</comp>

<comp id="18" class="1001" name="const_18">
<pin_list>
<pin id="19" dir="1" index="0" bw="1" slack="2147483647"/>
</pin_list>
<bind>
<StgValue><ssdm name="str"/></StgValue>
</bind>
</comp>

<comp id="20" class="1001" name="const_20">
<pin_list>
<pin id="21" dir="1" index="0" bw="1" slack="2147483647"/>
</pin_list>
<bind>
<StgValue><ssdm name="_ssdm_op_SpecBus"/></StgValue>
</bind>
</comp>

<comp id="22" class="1001" name="const_22">
<pin_list>
<pin id="23" dir="1" index="0" bw="1" slack="2147483647"/>
</pin_list>
<bind>
<StgValue><ssdm name="p_str"/></StgValue>
</bind>
</comp>

<comp id="24" class="1001" name="const_24">
<pin_list>
<pin id="25" dir="1" index="0" bw="1" slack="2147483647"/>
</pin_list>
<bind>
<StgValue><ssdm name="p_str1"/></StgValue>
</bind>
</comp>

<comp id="26" class="1001" name="const_26">
<pin_list>
<pin id="27" dir="1" index="0" bw="1" slack="2147483647"/>
</pin_list>
<bind>
<StgValue><ssdm name="_ssdm_op_SpecIFCore"/></StgValue>
</bind>
</comp>

<comp id="28" class="1001" name="const_28">
<pin_list>
<pin id="29" dir="1" index="0" bw="1" slack="2147483647"/>
</pin_list>
<bind>
<StgValue><ssdm name="p_str2"/></StgValue>
</bind>
</comp>

<comp id="30" class="1001" name="const_30">
<pin_list>
<pin id="31" dir="1" index="0" bw="1" slack="2147483647"/>
</pin_list>
<bind>
<StgValue><ssdm name="p_str3"/></StgValue>
</bind>
</comp>

<comp id="32" class="1001" name="const_32">
<pin_list>
<pin id="33" dir="1" index="0" bw="1" slack="2147483647"/>
</pin_list>
<bind>
<StgValue><ssdm name="p_str4"/></StgValue>
</bind>
</comp>

<comp id="34" class="1001" name="const_34">
<pin_list>
<pin id="35" dir="1" index="0" bw="1" slack="2147483647"/>
</pin_list>
<bind>
<StgValue><ssdm name="_ssdm_op_SpecWire"/></StgValue>
</bind>
</comp>

<comp id="36" class="1001" name="const_36">
<pin_list>
<pin id="37" dir="1" index="0" bw="1" slack="2147483647"/>
</pin_list>
<bind>
<StgValue><ssdm name="p_str5"/></StgValue>
</bind>
</comp>

<comp id="38" class="1001" name="const_38">
<pin_list>
<pin id="39" dir="1" index="0" bw="1" slack="0"/>
</pin_list>
<bind>
<StgValue><ssdm name=""/></StgValue>
</bind>
</comp>

<comp id="40" class="1001" name="const_40">
<pin_list>
<pin id="41" dir="1" index="0" bw="1" slack="0"/>
</pin_list>
<bind>
<StgValue><ssdm name="_ssdm_op_PartSelect.i30.i32.i32.i32"/></StgValue>
</bind>
</comp>

<comp id="42" class="1001" name="const_42">
<pin_list>
<pin id="43" dir="1" index="0" bw="1" slack="0"/>
</pin_list>
<bind>
<StgValue><ssdm name=""/></StgValue>
</bind>
</comp>

<comp id="44" class="1001" name="const_44">
<pin_list>
<pin id="45" dir="1" index="0" bw="1" slack="0"/>
</pin_list>
<bind>
<StgValue><ssdm name=""/></StgValue>
</bind>
</comp>

<comp id="46" class="1001" name="const_46">
<pin_list>
<pin id="47" dir="1" index="0" bw="1" slack="1"/>
</pin_list>
<bind>
<StgValue><ssdm name=""/></StgValue>
</bind>
</comp>

<comp id="48" class="1001" name="const_48">
<pin_list>
<pin id="49" dir="1" index="0" bw="1" slack="1"/>
</pin_list>
<bind>
<StgValue><ssdm name=""/></StgValue>
</bind>
</comp>

<comp id="50" class="1001" name="const_50">
<pin_list>
<pin id="51" dir="1" index="0" bw="1" slack="0"/>
</pin_list>
<bind>
<StgValue><ssdm name=""/></StgValue>
</bind>
</comp>

<comp id="52" class="1001" name="const_52">
<pin_list>
<pin id="53" dir="1" index="0" bw="1" slack="0"/>
</pin_list>
<bind>
<StgValue><ssdm name="_ssdm_op_ReadReq.ap_bus.i32P"/></StgValue>
</bind>
</comp>

<comp id="54" class="1001" name="const_54">
<pin_list>
<pin id="55" dir="1" index="0" bw="1" slack="2147483647"/>
</pin_list>
<bind>
<StgValue><ssdm name="_ssdm_op_SpecLoopTripCount"/></StgValue>
</bind>
</comp>

<comp id="56" class="1001" name="const_56">
<pin_list>
<pin id="57" dir="1" index="0" bw="1" slack="2147483647"/>
</pin_list>
<bind>
<StgValue><ssdm name=""/></StgValue>
</bind>
</comp>

<comp id="58" class="1001" name="const_58">
<pin_list>
<pin id="59" dir="1" index="0" bw="1" slack="2147483647"/>
</pin_list>
<bind>
<StgValue><ssdm name="_ssdm_op_SpecRegionBegin"/></StgValue>
</bind>
</comp>

<comp id="60" class="1001" name="const_60">
<pin_list>
<pin id="61" dir="1" index="0" bw="1" slack="2147483647"/>
</pin_list>
<bind>
<StgValue><ssdm name="p_str8"/></StgValue>
</bind>
</comp>

<comp id="62" class="1001" name="const_62">
<pin_list>
<pin id="63" dir="1" index="0" bw="1" slack="2147483647"/>
</pin_list>
<bind>
<StgValue><ssdm name="_ssdm_op_SpecPipeline"/></StgValue>
</bind>
</comp>

<comp id="64" class="1001" name="const_64">
<pin_list>
<pin id="65" dir="1" index="0" bw="1" slack="2147483647"/>
</pin_list>
<bind>
<StgValue><ssdm name="str7"/></StgValue>
</bind>
</comp>

<comp id="66" class="1001" name="const_66">
<pin_list>
<pin id="67" dir="1" index="0" bw="1" slack="0"/>
</pin_list>
<bind>
<StgValue><ssdm name="_ssdm_op_Read.ap_bus.i32P"/></StgValue>
</bind>
</comp>

<comp id="68" class="1001" name="const_68">
<pin_list>
<pin id="69" dir="1" index="0" bw="1" slack="2147483647"/>
</pin_list>
<bind>
<StgValue><ssdm name="_ssdm_op_SpecRegionEnd"/></StgValue>
</bind>
</comp>

<comp id="70" class="1004" name="grp_read_fu_70">
<pin_list>
<pin id="71" dir="0" index="0" bw="32" slack="0"/>
<pin id="72" dir="0" index="1" bw="32" slack="0"/>
<pin id="73" dir="1" index="2" bw="32" slack="0"/>
</pin_list>
<bind>
<opcode="read(1150) " fcode="read"/>
<opset="heartbeat_record_phys_addr_read/1 "/>
</bind>
</comp>

<comp id="76" class="1004" name="grp_write_fu_76">
<pin_list>
<pin id="77" dir="0" index="0" bw="0" slack="0"/>
<pin id="78" dir="0" index="1" bw="32" slack="0"/>
<pin id="79" dir="0" index="2" bw="1" slack="0"/>
<pin id="80" dir="1" index="3" bw="0" slack="2147483647"/>
</pin_list>
<bind>
<opcode="write(1151) " fcode="write"/>
<opset="stg_13/1 stg_48/10 "/>
</bind>
</comp>

<comp id="84" class="1004" name="grp_readreq_fu_84">
<pin_list>
<pin id="85" dir="0" index="0" bw="1" slack="0"/>
<pin id="86" dir="0" index="1" bw="32" slack="2"/>
<pin id="87" dir="0" index="2" bw="1" slack="0"/>
<pin id="88" dir="1" index="3" bw="1" slack="2147483647"/>
</pin_list>
<bind>
<opcode="readreq(1154) " fcode="readreq"/>
<opset="a_addr_req/4 "/>
</bind>
</comp>

<comp id="91" class="1004" name="buff_0_read_fu_91">
<pin_list>
<pin id="92" dir="0" index="0" bw="32" slack="0"/>
<pin id="93" dir="0" index="1" bw="32" slack="7"/>
<pin id="94" dir="1" index="2" bw="32" slack="1"/>
</pin_list>
<bind>
<opcode="read(1150) " fcode="read"/>
<opset="buff_0/9 "/>
</bind>
</comp>

<comp id="96" class="1004" name="grp_write_fu_96">
<pin_list>
<pin id="97" dir="0" index="0" bw="0" slack="0"/>
<pin id="98" dir="0" index="1" bw="32" slack="0"/>
<pin id="99" dir="0" index="2" bw="32" slack="1"/>
<pin id="100" dir="1" index="3" bw="0" slack="2147483647"/>
</pin_list>
<bind>
<opcode="write(1151) " fcode="write"/>
<opset="stg_47/10 "/>
</bind>
</comp>

<comp id="104" class="1005" name="buff_0_s_reg_104">
<pin_list>
<pin id="105" dir="0" index="0" bw="32" slack="1"/>
<pin id="106" dir="1" index="1" bw="32" slack="1"/>
</pin_list>
<bind>
<opset="buff_0_s (phireg) "/>
</bind>
</comp>

<comp id="109" class="1004" name="buff_0_s_phi_fu_109">
<pin_list>
<pin id="110" dir="0" index="0" bw="1" slack="1"/>
<pin id="111" dir="0" index="1" bw="0" slack="2147483647"/>
<pin id="112" dir="0" index="2" bw="32" slack="1"/>
<pin id="113" dir="0" index="3" bw="0" slack="2147483647"/>
<pin id="114" dir="1" index="4" bw="32" slack="1"/>
</pin_list>
<bind>
<opcode="phi(47) " fcode="phi"/>
<opset="buff_0_s/3 "/>
</bind>
</comp>

<comp id="117" class="1005" name="indvar_reg_117">
<pin_list>
<pin id="118" dir="0" index="0" bw="1" slack="1"/>
<pin id="119" dir="1" index="1" bw="1" slack="1"/>
</pin_list>
<bind>
<opset="indvar (phireg) "/>
</bind>
</comp>

<comp id="121" class="1004" name="indvar_phi_fu_121">
<pin_list>
<pin id="122" dir="0" index="0" bw="1" slack="1"/>
<pin id="123" dir="0" index="1" bw="0" slack="2147483647"/>
<pin id="124" dir="0" index="2" bw="1" slack="0"/>
<pin id="125" dir="0" index="3" bw="0" slack="2147483647"/>
<pin id="126" dir="1" index="4" bw="1" slack="1"/>
</pin_list>
<bind>
<opcode="phi(47) " fcode="phi"/>
<opset="indvar/3 "/>
</bind>
</comp>

<comp id="131" class="1004" name="tmp_1_fu_131">
<pin_list>
<pin id="132" dir="0" index="0" bw="30" slack="0"/>
<pin id="133" dir="0" index="1" bw="32" slack="0"/>
<pin id="134" dir="0" index="2" bw="3" slack="0"/>
<pin id="135" dir="0" index="3" bw="6" slack="0"/>
<pin id="136" dir="1" index="4" bw="30" slack="0"/>
</pin_list>
<bind>
<opcode="partselect(1002) " fcode="partselect"/>
<opset="tmp_1/2 "/>
</bind>
</comp>

<comp id="141" class="1004" name="tmp_2_fu_141">
<pin_list>
<pin id="142" dir="0" index="0" bw="30" slack="0"/>
<pin id="143" dir="1" index="1" bw="64" slack="0"/>
</pin_list>
<bind>
<opcode="zext(34) " fcode="zext"/>
<opset="tmp_2/2 "/>
</bind>
</comp>

<comp id="145" class="1004" name="a_addr_fu_145">
<pin_list>
<pin id="146" dir="0" index="0" bw="32" slack="0"/>
<pin id="147" dir="0" index="1" bw="30" slack="0"/>
<pin id="148" dir="1" index="2" bw="32" slack="2"/>
</pin_list>
<bind>
<opcode="getelementptr(29) " fcode="getelementptr"/>
<opset="a_addr/2 "/>
</bind>
</comp>

<comp id="151" class="1005" name="a_addr_reg_151">
<pin_list>
<pin id="152" dir="0" index="0" bw="32" slack="2"/>
<pin id="153" dir="1" index="1" bw="32" slack="2"/>
</pin_list>
<bind>
<opset="a_addr "/>
</bind>
</comp>

<comp id="157" class="1005" name="buff_0_reg_157">
<pin_list>
<pin id="158" dir="0" index="0" bw="32" slack="1"/>
<pin id="159" dir="1" index="1" bw="32" slack="1"/>
</pin_list>
<bind>
<opset="buff_0 "/>
</bind>
</comp>

</comp_list>

<net_list>
<net id="74"><net_src comp="8" pin="0"/><net_sink comp="70" pin=0"/></net>

<net id="75"><net_src comp="2" pin="0"/><net_sink comp="70" pin=1"/></net>

<net id="81"><net_src comp="10" pin="0"/><net_sink comp="76" pin=0"/></net>

<net id="82"><net_src comp="6" pin="0"/><net_sink comp="76" pin=1"/></net>

<net id="83"><net_src comp="12" pin="0"/><net_sink comp="76" pin=2"/></net>

<net id="89"><net_src comp="52" pin="0"/><net_sink comp="84" pin=0"/></net>

<net id="90"><net_src comp="38" pin="0"/><net_sink comp="84" pin=2"/></net>

<net id="95"><net_src comp="66" pin="0"/><net_sink comp="91" pin=0"/></net>

<net id="101"><net_src comp="10" pin="0"/><net_sink comp="96" pin=0"/></net>

<net id="102"><net_src comp="4" pin="0"/><net_sink comp="96" pin=1"/></net>

<net id="103"><net_src comp="38" pin="0"/><net_sink comp="76" pin=2"/></net>

<net id="107"><net_src comp="46" pin="0"/><net_sink comp="104" pin=0"/></net>

<net id="108"><net_src comp="104" pin="1"/><net_sink comp="96" pin=2"/></net>

<net id="115"><net_src comp="104" pin="1"/><net_sink comp="109" pin=0"/></net>

<net id="116"><net_src comp="109" pin="4"/><net_sink comp="104" pin=0"/></net>

<net id="120"><net_src comp="48" pin="0"/><net_sink comp="117" pin=0"/></net>

<net id="127"><net_src comp="117" pin="1"/><net_sink comp="121" pin=0"/></net>

<net id="128"><net_src comp="50" pin="0"/><net_sink comp="121" pin=2"/></net>

<net id="129"><net_src comp="121" pin="4"/><net_sink comp="117" pin=0"/></net>

<net id="137"><net_src comp="40" pin="0"/><net_sink comp="131" pin=0"/></net>

<net id="138"><net_src comp="70" pin="2"/><net_sink comp="131" pin=1"/></net>

<net id="139"><net_src comp="42" pin="0"/><net_sink comp="131" pin=2"/></net>

<net id="140"><net_src comp="44" pin="0"/><net_sink comp="131" pin=3"/></net>

<net id="144"><net_src comp="131" pin="4"/><net_sink comp="141" pin=0"/></net>

<net id="149"><net_src comp="0" pin="0"/><net_sink comp="145" pin=0"/></net>

<net id="150"><net_src comp="141" pin="1"/><net_sink comp="145" pin=1"/></net>

<net id="154"><net_src comp="145" pin="2"/><net_sink comp="151" pin=0"/></net>

<net id="155"><net_src comp="151" pin="1"/><net_sink comp="84" pin=1"/></net>

<net id="156"><net_src comp="151" pin="1"/><net_sink comp="91" pin=1"/></net>

<net id="160"><net_src comp="91" pin="2"/><net_sink comp="157" pin=0"/></net>

<net id="161"><net_src comp="157" pin="1"/><net_sink comp="109" pin=2"/></net>

</net_list>

</model> 
---------------- Datapath Model END ------------------

* FSMD analyzer results:
  - Output states:
	Port: current_heartbeat | {10 11 }
	Port: status | {1 2 10 11 }
  - Chain level:
	State 1
	State 2
		tmp_2 : 1
		a_addr : 2
	State 3
		stg_35 : 1
	State 4
	State 5
	State 6
	State 7
	State 8
	State 9
		burstread_rend : 1
	State 10
	State 11


============================================================
+ Verbose Summary: Datapath Resource usage 
============================================================

* Functional unit list:
|----------|-------------------|
| Operation|  Functional Unit  |
|----------|-------------------|
|   read   |   grp_read_fu_70  |
|          | buff_0_read_fu_91 |
|----------|-------------------|
|   write  |  grp_write_fu_76  |
|          |  grp_write_fu_96  |
|----------|-------------------|
|  readreq | grp_readreq_fu_84 |
|----------|-------------------|
|partselect|    tmp_1_fu_131   |
|----------|-------------------|
|   zext   |    tmp_2_fu_141   |
|----------|-------------------|
|   Total  |                   |
|----------|-------------------|

Memories:
N/A

* Register list:
+----------------+--------+
|                |   FF   |
+----------------+--------+
| a_addr_reg_151 |   32   |
| buff_0_reg_157 |   32   |
|buff_0_s_reg_104|   32   |
| indvar_reg_117 |    1   |
+----------------+--------+
|      Total     |   97   |
+----------------+--------+

* Multiplexer (MUX) list: 
|------------------|------|------|------|--------||---------||---------|
|       Comp       |  Pin | Size |  BW  | S x BW ||  Delay  ||   LUT   |
|------------------|------|------|------|--------||---------||---------|
|  grp_write_fu_76 |  p2  |   2  |   1  |    2   |
| buff_0_s_reg_104 |  p0  |   2  |  32  |   64   ||    32   |
|  indvar_reg_117  |  p0  |   2  |   1  |    2   ||    1    |
|------------------|------|------|------|--------||---------||---------|
|       Total      |      |      |      |   68   ||  4.169  ||    33   |
|------------------|------|------|------|--------||---------||---------|



* Summary:
+-----------+--------+--------+--------+
|           |  Delay |   FF   |   LUT  |
+-----------+--------+--------+--------+
|  Function |    -   |    -   |    -   |
|   Memory  |    -   |    -   |    -   |
|Multiplexer|    4   |    -   |   33   |
|  Register |    -   |   97   |    -   |
+-----------+--------+--------+--------+
|   Total   |    4   |   97   |   33   |
+-----------+--------+--------+--------+
