
*** Running vivado
    with args -log zynq_system_wrapper.rdi -applog -m64 -messageDb vivado.pb -mode batch -source zynq_system_wrapper.tcl -notrace


****** Vivado v2013.4 (64-bit)
  **** SW Build 353583 on Mon Dec  9 17:26:26 MST 2013
  **** IP Build 208076 on Mon Dec  2 12:38:17 MST 2013
    ** Copyright 1986-1999, 2001-2013 Xilinx, Inc. All Rights Reserved.

Attempting to get a license: Implementation
Feature available: Implementation
Loading parts and site information from /mnt/cas_nfs/applications/Xilinx/Vivado/2013.4/data/parts/arch.xml
Parsing RTL primitives file [/mnt/cas_nfs/applications/Xilinx/Vivado/2013.4/data/parts/xilinx/rtl/prims/rtl_prims.xml]
Finished parsing RTL primitives file [/mnt/cas_nfs/applications/Xilinx/Vivado/2013.4/data/parts/xilinx/rtl/prims/rtl_prims.xml]
source zynq_system_wrapper.tcl -notrace
Design is defaulting to srcset: sources_1
Design is defaulting to constrset: constrs_1
INFO: [Netlist 29-17] Analyzing 3 Unisim elements for replacement
INFO: [Netlist 29-28] Unisim Transformation completed in 0 CPU seconds
INFO: [Project 1-479] Netlist was created with Vivado 2013.4
Loading clock regions from /mnt/cas_nfs/applications/Xilinx/Vivado/2013.4/data/parts/xilinx/zynq/zynq/xc7z020/ClockRegion.xml
Loading clock buffers from /mnt/cas_nfs/applications/Xilinx/Vivado/2013.4/data/parts/xilinx/zynq/zynq/xc7z020/ClockBuffers.xml
Loading clock placement rules from /mnt/cas_nfs/applications/Xilinx/Vivado/2013.4/data/parts/xilinx/zynq/ClockPlacerRules.xml
Loading package pin functions from /mnt/cas_nfs/applications/Xilinx/Vivado/2013.4/data/parts/xilinx/zynq/PinFunctions.xml...
Loading package from /mnt/cas_nfs/applications/Xilinx/Vivado/2013.4/data/parts/xilinx/zynq/zynq/xc7z020/clg484/Package.xml
Loading io standards from /mnt/cas_nfs/applications/Xilinx/Vivado/2013.4/data/./parts/xilinx/zynq/IOStandards.xml
INFO: [Opt 31-140] Inserted 0 IBUFs to IO ports without IO buffers.
INFO: [Opt 31-141] Inserted 0 OBUFs to IO ports without IO buffers.
Parsing XDC File [/home/ee/s/sf306/HeterogeneousHeartbeats/hardware/ipi_prj_example/ipi_prj_example.srcs/sources_1/bd/zynq_system/ip/zynq_system_processing_system7_0_0/zynq_system_processing_system7_0_0.xdc] for cell 'zynq_system_i/processing_system7_0/inst'
Finished Parsing XDC File [/home/ee/s/sf306/HeterogeneousHeartbeats/hardware/ipi_prj_example/ipi_prj_example.srcs/sources_1/bd/zynq_system/ip/zynq_system_processing_system7_0_0/zynq_system_processing_system7_0_0.xdc] for cell 'zynq_system_i/processing_system7_0/inst'
Parsing XDC File [/home/ee/s/sf306/HeterogeneousHeartbeats/hardware/ipi_prj_example/ipi_prj_example.srcs/sources_1/bd/zynq_system/ip/zynq_system_rst_processing_system7_0_50M_0/zynq_system_rst_processing_system7_0_50M_0.xdc] for cell 'zynq_system_i/rst_processing_system7_0_50M/U0'
Finished Parsing XDC File [/home/ee/s/sf306/HeterogeneousHeartbeats/hardware/ipi_prj_example/ipi_prj_example.srcs/sources_1/bd/zynq_system/ip/zynq_system_rst_processing_system7_0_50M_0/zynq_system_rst_processing_system7_0_50M_0.xdc] for cell 'zynq_system_i/rst_processing_system7_0_50M/U0'
Parsing XDC File [/home/ee/s/sf306/HeterogeneousHeartbeats/hardware/ipi_prj_example/ipi_prj_example.srcs/sources_1/bd/zynq_system/ip/zynq_system_rst_processing_system7_0_50M_0/zynq_system_rst_processing_system7_0_50M_0_board.xdc] for cell 'zynq_system_i/rst_processing_system7_0_50M/U0'
Finished Parsing XDC File [/home/ee/s/sf306/HeterogeneousHeartbeats/hardware/ipi_prj_example/ipi_prj_example.srcs/sources_1/bd/zynq_system/ip/zynq_system_rst_processing_system7_0_50M_0/zynq_system_rst_processing_system7_0_50M_0_board.xdc] for cell 'zynq_system_i/rst_processing_system7_0_50M/U0'
Parsing XDC File [/home/ee/s/sf306/HeterogeneousHeartbeats/hardware/ipi_prj_example/ipi_prj_example.runs/impl_1/.Xil/Vivado-6424-ee-boxer0/dcp/zynq_system_wrapper.xdc]
Finished Parsing XDC File [/home/ee/s/sf306/HeterogeneousHeartbeats/hardware/ipi_prj_example/ipi_prj_example.runs/impl_1/.Xil/Vivado-6424-ee-boxer0/dcp/zynq_system_wrapper.xdc]
INFO: [Opt 31-138] Pushed 0 inverter(s).
INFO: [Memdata 28-144] Successfully populated the BRAM INIT strings from the following elf files: 
INFO: [Project 1-111] Unisim Transformation Summary:
  A total of 3 instances were transformed.
  RAM32M => RAM32M (RAMD32, RAMD32, RAMD32, RAMD32, RAMD32, RAMD32, RAMS32, RAMS32): 2 instances
  RAM32X1D => RAM32X1D (RAMD32, RAMD32): 1 instances

link_design: Time (s): cpu = 00:00:18 ; elapsed = 00:00:19 . Memory (MB): peak = 1377.426 ; gain = 655.766
Command: opt_design
Attempting to get a license for feature 'Implementation' and/or device 'xc7z020'
INFO: [Common 17-349] Got license for feature 'Implementation' and/or device 'xc7z020'
Running DRC as a precondition to command opt_design

Starting DRC Task
INFO: [Drc 23-27] Running DRC with 8 threads
INFO: [Project 1-461] DRC finished with 0 Errors
INFO: [Project 1-462] Please refer to the DRC report (report_drc) for more information.

Time (s): cpu = 00:00:00.20 ; elapsed = 00:00:00.21 . Memory (MB): peak = 1388.453 ; gain = 11.023

Starting Logic Optimization Task
INFO: [Timing 38-35] Done setting XDC timing constraints.

Phase 1 Retarget

INFO: [Opt 31-138] Pushed 0 inverter(s).
INFO: [Opt 31-49] Retargeted 0 cell(s).
Phase 1 Retarget | Checksum: 1ec474113

Time (s): cpu = 00:00:00.76 ; elapsed = 00:00:00.61 . Memory (MB): peak = 1408.891 ; gain = 20.438

Phase 2 Constant Propagation
INFO: [Opt 31-138] Pushed 0 inverter(s).
INFO: [Opt 31-10] Eliminated 214 cells.
Phase 2 Constant Propagation | Checksum: 29e34419b

Time (s): cpu = 00:00:01 ; elapsed = 00:00:01 . Memory (MB): peak = 1408.891 ; gain = 20.438

Phase 3 Sweep
INFO: [Opt 31-12] Eliminated 668 unconnected nets.
INFO: [Opt 31-11] Eliminated 418 unconnected cells.
Phase 3 Sweep | Checksum: 2a261ffa3

Time (s): cpu = 00:00:02 ; elapsed = 00:00:02 . Memory (MB): peak = 1408.891 ; gain = 20.438
Ending Logic Optimization Task | Checksum: 2a261ffa3

Time (s): cpu = 00:00:02 ; elapsed = 00:00:02 . Memory (MB): peak = 1408.891 ; gain = 20.438
Implement Debug Cores | Checksum: 2810a3948
Logic Optimization | Checksum: 2810a3948

Starting Power Optimization Task
Ending Power Optimization Task | Checksum: 2a261ffa3

Time (s): cpu = 00:00:00 ; elapsed = 00:00:00 . Memory (MB): peak = 1408.891 ; gain = 0.000
INFO: [Common 17-83] Releasing license: Implementation
20 Infos, 0 Warnings, 0 Critical Warnings and 0 Errors encountered.
opt_design completed successfully
INFO: [Timing 38-35] Done setting XDC timing constraints.
Writing XDEF routing.
Writing XDEF routing logical nets.
Writing XDEF routing special nets.
Write XDEF Complete: Time (s): cpu = 00:00:00.29 ; elapsed = 00:00:00.29 . Memory (MB): peak = 1412.102 ; gain = 1.000
Command: place_design
Attempting to get a license for feature 'Implementation' and/or device 'xc7z020'
INFO: [Common 17-349] Got license for feature 'Implementation' and/or device 'xc7z020'
Running DRC as a precondition to command place_design
INFO: [Drc 23-27] Running DRC with 8 threads
INFO: [Vivado_Tcl 4-198] DRC finished with 0 Errors
INFO: [Vivado_Tcl 4-199] Please refer to the DRC report (report_drc) for more information.

Starting Placer Task
INFO: [Place 30-611] Multithreading enabled for place_design using a maximum of 4 CPUs

Phase 1 Placer Initialization

Phase 1.1 Placer Initialization Core
Netlist sorting complete. Time (s): cpu = 00:00:00.01 ; elapsed = 00:00:00.01 . Memory (MB): peak = 1417.105 ; gain = 0.000

Phase 1.1.1 Mandatory Logic Optimization
INFO: [Opt 31-140] Inserted 0 IBUFs to IO ports without IO buffers.
INFO: [Opt 31-141] Inserted 0 OBUFs to IO ports without IO buffers.
INFO: [Opt 31-138] Pushed 0 inverter(s).
Netlist sorting complete. Time (s): cpu = 00:00:00 ; elapsed = 00:00:00 . Memory (MB): peak = 1417.105 ; gain = 0.000
Phase 1.1.1 Mandatory Logic Optimization | Checksum: 1959dae68

Time (s): cpu = 00:00:00.20 ; elapsed = 00:00:00.21 . Memory (MB): peak = 1417.105 ; gain = 0.004

Phase 1.1.2 Build Super Logic Region (SLR) Database
Phase 1.1.2 Build Super Logic Region (SLR) Database | Checksum: 1959dae68

Time (s): cpu = 00:00:00.22 ; elapsed = 00:00:00.23 . Memory (MB): peak = 1417.105 ; gain = 0.004

Phase 1.1.3 Add Constraints
Phase 1.1.3 Add Constraints | Checksum: 1959dae68

Time (s): cpu = 00:00:00.22 ; elapsed = 00:00:00.24 . Memory (MB): peak = 1417.105 ; gain = 0.004

Phase 1.1.4 Build Macros
Phase 1.1.4 Build Macros | Checksum: 1bcd90b1a

Time (s): cpu = 00:00:00.62 ; elapsed = 00:00:00.64 . Memory (MB): peak = 1417.105 ; gain = 0.004

Phase 1.1.5 Implementation Feasibility check
WARNING: [Place 30-12] An IO Bus FIXED_IO_mio with more than one IO standard is found. Components associated with this bus are: 
	FIXED_IO_mio[0] of IOStandard LVCMOS18
	FIXED_IO_mio[1] of IOStandard LVCMOS18
	FIXED_IO_mio[2] of IOStandard LVCMOS18
	FIXED_IO_mio[3] of IOStandard LVCMOS18
	FIXED_IO_mio[4] of IOStandard LVCMOS18
	FIXED_IO_mio[5] of IOStandard LVCMOS18
	FIXED_IO_mio[6] of IOStandard LVCMOS18
	FIXED_IO_mio[7] of IOStandard LVCMOS18
	FIXED_IO_mio[8] of IOStandard LVCMOS18
	FIXED_IO_mio[9] of IOStandard LVCMOS18
	FIXED_IO_mio[10] of IOStandard LVCMOS18
	FIXED_IO_mio[11] of IOStandard LVCMOS18
	FIXED_IO_mio[12] of IOStandard LVCMOS18
	FIXED_IO_mio[13] of IOStandard LVCMOS18
	FIXED_IO_mio[14] of IOStandard LVCMOS18
	FIXED_IO_mio[15] of IOStandard LVCMOS18
	FIXED_IO_mio[16] of IOStandard HSTL_I_18
	FIXED_IO_mio[17] of IOStandard HSTL_I_18
	FIXED_IO_mio[18] of IOStandard HSTL_I_18
	FIXED_IO_mio[19] of IOStandard HSTL_I_18
	FIXED_IO_mio[20] of IOStandard HSTL_I_18
	FIXED_IO_mio[21] of IOStandard HSTL_I_18
	FIXED_IO_mio[22] of IOStandard HSTL_I_18
	FIXED_IO_mio[23] of IOStandard HSTL_I_18
	FIXED_IO_mio[24] of IOStandard HSTL_I_18
	FIXED_IO_mio[25] of IOStandard HSTL_I_18
	FIXED_IO_mio[26] of IOStandard HSTL_I_18
	FIXED_IO_mio[27] of IOStandard HSTL_I_18
	FIXED_IO_mio[28] of IOStandard LVCMOS18
	FIXED_IO_mio[29] of IOStandard LVCMOS18
	FIXED_IO_mio[30] of IOStandard LVCMOS18
	FIXED_IO_mio[31] of IOStandard LVCMOS18
	FIXED_IO_mio[32] of IOStandard LVCMOS18
	FIXED_IO_mio[33] of IOStandard LVCMOS18
	FIXED_IO_mio[34] of IOStandard LVCMOS18
	FIXED_IO_mio[35] of IOStandard LVCMOS18
	FIXED_IO_mio[36] of IOStandard LVCMOS18
	FIXED_IO_mio[37] of IOStandard LVCMOS18
	FIXED_IO_mio[38] of IOStandard LVCMOS18
	FIXED_IO_mio[39] of IOStandard LVCMOS18
	FIXED_IO_mio[40] of IOStandard LVCMOS18
	FIXED_IO_mio[41] of IOStandard LVCMOS18
	FIXED_IO_mio[42] of IOStandard LVCMOS18
	FIXED_IO_mio[43] of IOStandard LVCMOS18
	FIXED_IO_mio[44] of IOStandard LVCMOS18
	FIXED_IO_mio[45] of IOStandard LVCMOS18
	FIXED_IO_mio[46] of IOStandard LVCMOS18
	FIXED_IO_mio[47] of IOStandard LVCMOS18
	FIXED_IO_mio[48] of IOStandard LVCMOS18
	FIXED_IO_mio[49] of IOStandard LVCMOS18
	FIXED_IO_mio[50] of IOStandard LVCMOS18
	FIXED_IO_mio[51] of IOStandard LVCMOS18
	FIXED_IO_mio[52] of IOStandard LVCMOS18
	FIXED_IO_mio[53] of IOStandard LVCMOS18
Phase 1.1.5 Implementation Feasibility check | Checksum: 1bcd90b1a

Time (s): cpu = 00:00:00.87 ; elapsed = 00:00:00.89 . Memory (MB): peak = 1417.105 ; gain = 0.004

Phase 1.1.6 Pre-Place Cells
Phase 1.1.6 Pre-Place Cells | Checksum: 1bcd90b1a

Time (s): cpu = 00:00:00.88 ; elapsed = 00:00:00.90 . Memory (MB): peak = 1417.105 ; gain = 0.004

Phase 1.1.7 IO Placement/ Clock Placement/ Build Placer Device
Phase 1.1.7 IO Placement/ Clock Placement/ Build Placer Device | Checksum: 125832954

Time (s): cpu = 00:00:02 ; elapsed = 00:00:02 . Memory (MB): peak = 1423.113 ; gain = 6.012

Phase 1.1.8 Build Placer Netlist Model

Phase 1.1.8.1 Place Init Design

Phase 1.1.8.1.1 Build Clock Data
Phase 1.1.8.1.1 Build Clock Data | Checksum: 18bd124c3

Time (s): cpu = 00:00:04 ; elapsed = 00:00:02 . Memory (MB): peak = 1428.113 ; gain = 11.012
Phase 1.1.8.1 Place Init Design | Checksum: 1916f74fc

Time (s): cpu = 00:00:04 ; elapsed = 00:00:02 . Memory (MB): peak = 1428.113 ; gain = 11.012
Phase 1.1.8 Build Placer Netlist Model | Checksum: 1916f74fc

Time (s): cpu = 00:00:04 ; elapsed = 00:00:02 . Memory (MB): peak = 1428.113 ; gain = 11.012

Phase 1.1.9 Constrain Clocks/Macros

Phase 1.1.9.1 Constrain Global/Regional Clocks
Phase 1.1.9.1 Constrain Global/Regional Clocks | Checksum: 1916f74fc

Time (s): cpu = 00:00:04 ; elapsed = 00:00:02 . Memory (MB): peak = 1428.113 ; gain = 11.012
Phase 1.1.9 Constrain Clocks/Macros | Checksum: 1916f74fc

Time (s): cpu = 00:00:04 ; elapsed = 00:00:02 . Memory (MB): peak = 1428.113 ; gain = 11.012
Phase 1.1 Placer Initialization Core | Checksum: 1916f74fc

Time (s): cpu = 00:00:04 ; elapsed = 00:00:02 . Memory (MB): peak = 1428.113 ; gain = 11.012
Phase 1 Placer Initialization | Checksum: 1916f74fc

Time (s): cpu = 00:00:04 ; elapsed = 00:00:02 . Memory (MB): peak = 1428.113 ; gain = 11.012

Phase 2 Global Placement

Phase 2.1 Run Budgeter
Phase 2.1 Run Budgeter | Checksum: 1f2cef1da

Time (s): cpu = 00:00:07 ; elapsed = 00:00:04 . Memory (MB): peak = 1445.113 ; gain = 28.012
Phase 2 Global Placement | Checksum: 13cf5d369

Time (s): cpu = 00:00:24 ; elapsed = 00:00:08 . Memory (MB): peak = 1446.113 ; gain = 29.012

Phase 3 Detail Placement

Phase 3.1 Commit Multi Column Macros
Phase 3.1 Commit Multi Column Macros | Checksum: 13cf5d369

Time (s): cpu = 00:00:24 ; elapsed = 00:00:08 . Memory (MB): peak = 1446.113 ; gain = 29.012

Phase 3.2 Commit Most Macros & LUTRAMs
Phase 3.2 Commit Most Macros & LUTRAMs | Checksum: 1abe9dd13

Time (s): cpu = 00:00:25 ; elapsed = 00:00:09 . Memory (MB): peak = 1455.121 ; gain = 38.020

Phase 3.3 Area Swap Optimization
Phase 3.3 Area Swap Optimization | Checksum: 129de24aa

Time (s): cpu = 00:00:25 ; elapsed = 00:00:09 . Memory (MB): peak = 1455.121 ; gain = 38.020

Phase 3.4 Timing Path Optimizer
Phase 3.4 Timing Path Optimizer | Checksum: 16f6ad691

Time (s): cpu = 00:00:26 ; elapsed = 00:00:10 . Memory (MB): peak = 1455.121 ; gain = 38.020

Phase 3.5 Commit Small Macros & Core Logic
Phase 3.5 Commit Small Macros & Core Logic | Checksum: 1b9a8c2a8

Time (s): cpu = 00:00:27 ; elapsed = 00:00:10 . Memory (MB): peak = 1469.250 ; gain = 52.148

Phase 3.6 Re-assign LUT pins
Phase 3.6 Re-assign LUT pins | Checksum: 1b9a8c2a8

Time (s): cpu = 00:00:27 ; elapsed = 00:00:11 . Memory (MB): peak = 1469.250 ; gain = 52.148
Phase 3 Detail Placement | Checksum: 1b9a8c2a8

Time (s): cpu = 00:00:27 ; elapsed = 00:00:11 . Memory (MB): peak = 1469.250 ; gain = 52.148

Phase 4 Post Placement Optimization and Clean-Up

Phase 4.1 PCOPT Shape updates
Phase 4.1 PCOPT Shape updates | Checksum: 152c83993

Time (s): cpu = 00:00:27 ; elapsed = 00:00:11 . Memory (MB): peak = 1469.250 ; gain = 52.148

Phase 4.2 Post Placement Optimization

Phase 4.2.1 Post Placement Timing Optimization
Phase 4.2.1 Post Placement Timing Optimization | Checksum: 15f012df8

Time (s): cpu = 00:00:28 ; elapsed = 00:00:11 . Memory (MB): peak = 1469.250 ; gain = 52.148
Phase 4.2 Post Placement Optimization | Checksum: 15f012df8

Time (s): cpu = 00:00:29 ; elapsed = 00:00:11 . Memory (MB): peak = 1469.250 ; gain = 52.148

Phase 4.3 Post Placement Cleanup
Phase 4.3 Post Placement Cleanup | Checksum: 15f012df8

Time (s): cpu = 00:00:29 ; elapsed = 00:00:11 . Memory (MB): peak = 1469.250 ; gain = 52.148

Phase 4.4 Placer Reporting

Phase 4.4.1 Congestion Reporting
Phase 4.4.1 Congestion Reporting | Checksum: 15f012df8

Time (s): cpu = 00:00:29 ; elapsed = 00:00:11 . Memory (MB): peak = 1469.250 ; gain = 52.148

Phase 4.4.2 updateTiming final
Phase 4.4.2 updateTiming final | Checksum: d14d9da6

Time (s): cpu = 00:00:30 ; elapsed = 00:00:12 . Memory (MB): peak = 1469.250 ; gain = 52.148

Phase 4.4.3 Dump Critical Paths 
Phase 4.4.3 Dump Critical Paths  | Checksum: d14d9da6

Time (s): cpu = 00:00:30 ; elapsed = 00:00:12 . Memory (MB): peak = 1469.250 ; gain = 52.148

Phase 4.4.4 Restore STA
Phase 4.4.4 Restore STA | Checksum: d14d9da6

Time (s): cpu = 00:00:30 ; elapsed = 00:00:12 . Memory (MB): peak = 1469.250 ; gain = 52.148

Phase 4.4.5 Print Final WNS
INFO: [Place 30-100] Post Placement Timing Summary | WNS=12.674 | TNS=0.000  |

Phase 4.4.5 Print Final WNS | Checksum: d14d9da6

Time (s): cpu = 00:00:34 ; elapsed = 00:00:13 . Memory (MB): peak = 1469.250 ; gain = 52.148
Phase 4.4 Placer Reporting | Checksum: d14d9da6

Time (s): cpu = 00:00:34 ; elapsed = 00:00:13 . Memory (MB): peak = 1469.250 ; gain = 52.148

Phase 4.5 Final Placement Cleanup
Phase 4.5 Final Placement Cleanup | Checksum: 13f2ba8eb

Time (s): cpu = 00:00:34 ; elapsed = 00:00:13 . Memory (MB): peak = 1469.250 ; gain = 52.148
Phase 4 Post Placement Optimization and Clean-Up | Checksum: 13f2ba8eb

Time (s): cpu = 00:00:34 ; elapsed = 00:00:13 . Memory (MB): peak = 1469.250 ; gain = 52.148
Ending Placer Task | Checksum: 1370cefad

Time (s): cpu = 00:00:34 ; elapsed = 00:00:13 . Memory (MB): peak = 1469.250 ; gain = 52.148
INFO: [Common 17-83] Releasing license: Implementation
31 Infos, 1 Warnings, 0 Critical Warnings and 0 Errors encountered.
place_design completed successfully
place_design: Time (s): cpu = 00:00:35 ; elapsed = 00:00:13 . Memory (MB): peak = 1469.250 ; gain = 57.145
INFO: [Timing 38-163] DEBUG : Generate clock report | CPU: 0.92 secs 

report_utilization: Time (s): cpu = 00:00:00.73 ; elapsed = 00:00:00.79 . Memory (MB): peak = 1472.250 ; gain = 0.000
INFO: [Designutils 20-134] DEBUG : Generate Control Sets report | CPU: 0.72 secs 
Writing XDEF routing.
Writing XDEF routing logical nets.
Writing XDEF routing special nets.
Write XDEF Complete: Time (s): cpu = 00:00:00.36 ; elapsed = 00:00:00.36 . Memory (MB): peak = 1472.254 ; gain = 0.000
Command: route_design
Attempting to get a license for feature 'Implementation' and/or device 'xc7z020'
INFO: [Common 17-349] Got license for feature 'Implementation' and/or device 'xc7z020'
Running DRC as a precondition to command route_design
INFO: [Drc 23-27] Running DRC with 8 threads
INFO: [Vivado_Tcl 4-198] DRC finished with 0 Errors, 1 Warnings
INFO: [Vivado_Tcl 4-199] Please refer to the DRC report (report_drc) for more information.


Starting Routing Task
INFO: [Route 35-254] Multithreading enabled for route_design using a maximum of 4 CPUs

Starting Route Task

Phase 1 Build RT Design

Phase 1.1 Build Netlist & NodeGraph
Phase 1.1 Build Netlist & NodeGraph | Checksum: 1370cefad

Time (s): cpu = 00:00:24 ; elapsed = 00:00:18 . Memory (MB): peak = 1605.789 ; gain = 120.539
Phase 1 Build RT Design | Checksum: 11b9a5e22

Time (s): cpu = 00:00:24 ; elapsed = 00:00:18 . Memory (MB): peak = 1605.789 ; gain = 120.539

Phase 2 Router Initialization

Phase 2.1 Create Timer
Phase 2.1 Create Timer | Checksum: 11b9a5e22

Time (s): cpu = 00:00:24 ; elapsed = 00:00:18 . Memory (MB): peak = 1605.793 ; gain = 120.543

Phase 2.2 Restore Routing
Phase 2.2 Restore Routing | Checksum: 11b9a5e22

Time (s): cpu = 00:00:24 ; elapsed = 00:00:19 . Memory (MB): peak = 1619.844 ; gain = 134.594

Phase 2.3 Special Net Routing
 Number of Nodes with overlaps = 0
Phase 2.3 Special Net Routing | Checksum: 12fefcdce

Time (s): cpu = 00:00:24 ; elapsed = 00:00:19 . Memory (MB): peak = 1639.844 ; gain = 154.594

Phase 2.4 Local Clock Net Routing
Phase 2.4 Local Clock Net Routing | Checksum: 12fefcdce

Time (s): cpu = 00:00:24 ; elapsed = 00:00:19 . Memory (MB): peak = 1639.844 ; gain = 154.594

Phase 2.5 Update Timing

Phase 2.5.1 Update timing with NCN CRPR

Phase 2.5.1.1 Hold Budgeting
Phase 2.5.1.1 Hold Budgeting | Checksum: 12fefcdce

Time (s): cpu = 00:00:27 ; elapsed = 00:00:20 . Memory (MB): peak = 1639.844 ; gain = 154.594
Phase 2.5.1 Update timing with NCN CRPR | Checksum: 12fefcdce

Time (s): cpu = 00:00:27 ; elapsed = 00:00:20 . Memory (MB): peak = 1639.844 ; gain = 154.594
Phase 2.5 Update Timing | Checksum: 12fefcdce

Time (s): cpu = 00:00:27 ; elapsed = 00:00:20 . Memory (MB): peak = 1639.844 ; gain = 154.594
INFO: [Route 35-57] Estimated Timing Summary | WNS=12.7   | TNS=0      | WHS=-0.191 | THS=-44.5  |


Phase 2.6 Budgeting
Phase 2.6 Budgeting | Checksum: 12fefcdce

Time (s): cpu = 00:00:28 ; elapsed = 00:00:20 . Memory (MB): peak = 1639.844 ; gain = 154.594
Phase 2 Router Initialization | Checksum: 12fefcdce

Time (s): cpu = 00:00:28 ; elapsed = 00:00:20 . Memory (MB): peak = 1639.844 ; gain = 154.594

Phase 3 Initial Routing
Phase 3 Initial Routing | Checksum: bc0284f8

Time (s): cpu = 00:00:29 ; elapsed = 00:00:20 . Memory (MB): peak = 1639.844 ; gain = 154.594

Phase 4 Rip-up And Reroute

Phase 4.1 Global Iteration 0

Phase 4.1.1 Remove Overlaps
 Number of Nodes with overlaps = 160
 Number of Nodes with overlaps = 0
Phase 4.1.1 Remove Overlaps | Checksum: fba61fc7

Time (s): cpu = 00:00:30 ; elapsed = 00:00:21 . Memory (MB): peak = 1639.844 ; gain = 154.594

Phase 4.1.2 Update Timing
Phase 4.1.2 Update Timing | Checksum: fba61fc7

Time (s): cpu = 00:00:31 ; elapsed = 00:00:21 . Memory (MB): peak = 1639.844 ; gain = 154.594
INFO: [Route 35-57] Estimated Timing Summary | WNS=7.83   | TNS=0      | WHS=N/A    | THS=N/A    |


Phase 4.1.3 collectNewHoldAndFix
Phase 4.1.3 collectNewHoldAndFix | Checksum: 68e847be

Time (s): cpu = 00:00:31 ; elapsed = 00:00:21 . Memory (MB): peak = 1639.844 ; gain = 154.594
Phase 4.1 Global Iteration 0 | Checksum: 68e847be

Time (s): cpu = 00:00:31 ; elapsed = 00:00:21 . Memory (MB): peak = 1639.844 ; gain = 154.594

Phase 4.2 Global Iteration 1

Phase 4.2.1 Remove Overlaps
 Number of Nodes with overlaps = 13
 Number of Nodes with overlaps = 0
Phase 4.2.1 Remove Overlaps | Checksum: c0cde779

Time (s): cpu = 00:00:31 ; elapsed = 00:00:21 . Memory (MB): peak = 1639.844 ; gain = 154.594

Phase 4.2.2 Update Timing
Phase 4.2.2 Update Timing | Checksum: c0cde779

Time (s): cpu = 00:00:31 ; elapsed = 00:00:21 . Memory (MB): peak = 1639.844 ; gain = 154.594
INFO: [Route 35-57] Estimated Timing Summary | WNS=7.83   | TNS=0      | WHS=N/A    | THS=N/A    |


Phase 4.2.3 collectNewHoldAndFix
Phase 4.2.3 collectNewHoldAndFix | Checksum: c0cde779

Time (s): cpu = 00:00:31 ; elapsed = 00:00:21 . Memory (MB): peak = 1639.844 ; gain = 154.594
Phase 4.2 Global Iteration 1 | Checksum: c0cde779

Time (s): cpu = 00:00:31 ; elapsed = 00:00:21 . Memory (MB): peak = 1639.844 ; gain = 154.594
Phase 4 Rip-up And Reroute | Checksum: c0cde779

Time (s): cpu = 00:00:31 ; elapsed = 00:00:21 . Memory (MB): peak = 1639.844 ; gain = 154.594

Phase 5 Delay CleanUp

Phase 5.1 Update Timing
Phase 5.1 Update Timing | Checksum: c0cde779

Time (s): cpu = 00:00:31 ; elapsed = 00:00:21 . Memory (MB): peak = 1639.844 ; gain = 154.594
INFO: [Route 35-57] Estimated Timing Summary | WNS=7.83   | TNS=0      | WHS=N/A    | THS=N/A    |

Phase 5 Delay CleanUp | Checksum: c0cde779

Time (s): cpu = 00:00:31 ; elapsed = 00:00:21 . Memory (MB): peak = 1639.844 ; gain = 154.594

Phase 6 Post Hold Fix

Phase 6.1 Full Hold Analysis

Phase 6.1.1 Update Timing
Phase 6.1.1 Update Timing | Checksum: c0cde779

Time (s): cpu = 00:00:32 ; elapsed = 00:00:22 . Memory (MB): peak = 1639.844 ; gain = 154.594
INFO: [Route 35-57] Estimated Timing Summary | WNS=7.83   | TNS=0      | WHS=0.04   | THS=0      |

Phase 6.1 Full Hold Analysis | Checksum: c0cde779

Time (s): cpu = 00:00:32 ; elapsed = 00:00:22 . Memory (MB): peak = 1639.844 ; gain = 154.594
Phase 6 Post Hold Fix | Checksum: c0cde779

Time (s): cpu = 00:00:32 ; elapsed = 00:00:22 . Memory (MB): peak = 1639.844 ; gain = 154.594

Router Utilization Summary
  Global Vertical Routing Utilization    = 0.48281 %
  Global Horizontal Routing Utilization  = 0.507437 %
  Routable Net Status*
  *Does not include unroutable nets such as driverless and loadless.
  Run report_route_status for detailed report.
  Number of Failed Nets               = 0
  Number of Unrouted Nets             = 0
  Number of Partially Routed Nets     = 0
  Number of Node Overlaps             = 0


Phase 7 Verifying routed nets

 Verification completed successfully
Phase 7 Verifying routed nets | Checksum: c0cde779

Time (s): cpu = 00:00:33 ; elapsed = 00:00:22 . Memory (MB): peak = 1639.844 ; gain = 154.594

Phase 8 Depositing Routes
Phase 8 Depositing Routes | Checksum: 17477433f

Time (s): cpu = 00:00:33 ; elapsed = 00:00:22 . Memory (MB): peak = 1639.844 ; gain = 154.594

Phase 9 Post Router Timing
INFO: [Route 35-20] Post Routing Timing Summary | WNS=7.833  | TNS=0.000  | WHS=0.042  | THS=0.000  |

INFO: [Route 35-61] The design met the timing requirement.
Phase 9 Post Router Timing | Checksum: 17477433f

Time (s): cpu = 00:00:36 ; elapsed = 00:00:23 . Memory (MB): peak = 1639.844 ; gain = 154.594
INFO: [Route 35-16] Router Completed Successfully
Ending Route Task | Checksum: 17477433f

Time (s): cpu = 00:00:36 ; elapsed = 00:00:23 . Memory (MB): peak = 1639.844 ; gain = 154.594

Routing Is Done.

Time (s): cpu = 00:00:36 ; elapsed = 00:00:23 . Memory (MB): peak = 1639.844 ; gain = 154.594
INFO: [Common 17-83] Releasing license: Implementation
47 Infos, 1 Warnings, 0 Critical Warnings and 0 Errors encountered.
route_design completed successfully
route_design: Time (s): cpu = 00:00:38 ; elapsed = 00:00:24 . Memory (MB): peak = 1639.844 ; gain = 167.590
INFO: [Drc 23-27] Running DRC with 8 threads
INFO: [Coretcl 2-168] The results of DRC are in file /home/ee/s/sf306/HeterogeneousHeartbeats/hardware/ipi_prj_example/ipi_prj_example.runs/impl_1/zynq_system_wrapper_drc_routed.rpt.
Running Vector-less Activity Propagation...

Finished Running Vector-less Activity Propagation
INFO: [Timing 38-91] UpdateTimingParams: Speed grade: -1, Delay Type: min_max, Constraints type: SDC.
INFO: [Timing 38-191] Multithreading enabled for timing update using a maximum of 8 CPUs
Writing XDEF routing.
Writing XDEF routing logical nets.
Writing XDEF routing special nets.
Write XDEF Complete: Time (s): cpu = 00:00:00.46 ; elapsed = 00:00:00.46 . Memory (MB): peak = 1639.848 ; gain = 0.000
INFO: [Common 17-206] Exiting Vivado at Fri Apr 25 16:11:57 2014...

*** Running vivado
    with args -log zynq_system_wrapper.rdi -applog -m64 -messageDb vivado.pb -mode batch -source zynq_system_wrapper.tcl -notrace


****** Vivado v2013.4 (64-bit)
  **** SW Build 353583 on Mon Dec  9 17:26:26 MST 2013
  **** IP Build 208076 on Mon Dec  2 12:38:17 MST 2013
    ** Copyright 1986-1999, 2001-2013 Xilinx, Inc. All Rights Reserved.

Attempting to get a license: Implementation
Feature available: Implementation
Loading parts and site information from /mnt/cas_nfs/applications/Xilinx/Vivado/2013.4/data/parts/arch.xml
Parsing RTL primitives file [/mnt/cas_nfs/applications/Xilinx/Vivado/2013.4/data/parts/xilinx/rtl/prims/rtl_prims.xml]
Finished parsing RTL primitives file [/mnt/cas_nfs/applications/Xilinx/Vivado/2013.4/data/parts/xilinx/rtl/prims/rtl_prims.xml]
source zynq_system_wrapper.tcl -notrace
Command: open_checkpoint zynq_system_wrapper_routed.dcp
INFO: [Netlist 29-17] Analyzing 2 Unisim elements for replacement
INFO: [Netlist 29-28] Unisim Transformation completed in 0 CPU seconds
INFO: [Project 1-479] Netlist was created with Vivado 2013.4
Loading clock regions from /mnt/cas_nfs/applications/Xilinx/Vivado/2013.4/data/parts/xilinx/zynq/zynq/xc7z020/ClockRegion.xml
Loading clock buffers from /mnt/cas_nfs/applications/Xilinx/Vivado/2013.4/data/parts/xilinx/zynq/zynq/xc7z020/ClockBuffers.xml
Loading clock placement rules from /mnt/cas_nfs/applications/Xilinx/Vivado/2013.4/data/parts/xilinx/zynq/ClockPlacerRules.xml
Loading package pin functions from /mnt/cas_nfs/applications/Xilinx/Vivado/2013.4/data/parts/xilinx/zynq/PinFunctions.xml...
Loading package from /mnt/cas_nfs/applications/Xilinx/Vivado/2013.4/data/parts/xilinx/zynq/zynq/xc7z020/clg484/Package.xml
Loading io standards from /mnt/cas_nfs/applications/Xilinx/Vivado/2013.4/data/./parts/xilinx/zynq/IOStandards.xml
Parsing XDC File [/home/ee/s/sf306/HeterogeneousHeartbeats/hardware/ipi_prj_example/ipi_prj_example.runs/impl_1/.Xil/Vivado-6534-ee-boxer0/dcp/zynq_system_wrapper.xdc]
Finished Parsing XDC File [/home/ee/s/sf306/HeterogeneousHeartbeats/hardware/ipi_prj_example/ipi_prj_example.runs/impl_1/.Xil/Vivado-6534-ee-boxer0/dcp/zynq_system_wrapper.xdc]
Reading XDEF placement.
Reading XDEF routing.
Read XDEF File: Time (s): cpu = 00:00:00.16 ; elapsed = 00:00:00.16 . Memory (MB): peak = 1377.438 ; gain = 1.000
Restoring placement.
Restored 728 out of 728 XDEF sites from archive | CPU: 0.490000 secs | Memory: 5.186668 MB |
INFO: [Opt 31-138] Pushed 0 inverter(s).
INFO: [Memdata 28-144] Successfully populated the BRAM INIT strings from the following elf files: 
INFO: [Project 1-111] Unisim Transformation Summary:
  A total of 2 instances were transformed.
  RAM32M => RAM32M (RAMD32, RAMD32, RAMD32, RAMD32, RAMD32, RAMD32, RAMS32, RAMS32): 2 instances

INFO: [Project 1-484] Checkpoint was created with build 353583
open_checkpoint: Time (s): cpu = 00:00:18 ; elapsed = 00:00:19 . Memory (MB): peak = 1379.438 ; gain = 661.781
Attempting to get a license for feature 'Implementation' and/or device 'xc7z020'
INFO: [Common 17-349] Got license for feature 'Implementation' and/or device 'xc7z020'
Running DRC as a precondition to command write_bitstream
INFO: [Drc 23-27] Running DRC with 8 threads
INFO: [Vivado 12-3199] DRC finished with 0 Errors, 131 Warnings, 1 Advisories
INFO: [Vivado 12-3200] Please refer to the DRC report (report_drc) for more information.
Loading data files...
Loading site data...
Loading route data...
Processing options...
Creating bitmap...
Creating bitstream...
Writing bitstream ./zynq_system_wrapper.bit...
INFO: [Vivado 12-1842] Bitgen Completed Successfully.
INFO: [Project 1-118] WebTalk data collection is enabled (User setting is ON. Install Setting is ON.).
INFO: [Common 17-186] '/home/ee/s/sf306/HeterogeneousHeartbeats/hardware/ipi_prj_example/ipi_prj_example.runs/impl_1/usage_statistics_webtalk.xml' has been successfully sent to Xilinx on Fri Apr 25 16:12:49 2014. For additional details about this file, please refer to the WebTalk help file at /mnt/cas_nfs/applications/Xilinx/Vivado/2013.4/doc/webtalk_introduction.html.
INFO: [Common 17-83] Releasing license: Implementation
write_bitstream: Time (s): cpu = 00:00:22 ; elapsed = 00:00:23 . Memory (MB): peak = 1746.715 ; gain = 367.277
INFO: [Common 17-206] Exiting Vivado at Fri Apr 25 16:12:49 2014...
